2025-01-21 18:53:13,637 - asyncio - DEBUG - Using selector: EpollSelector
2025-01-21 18:53:13,794 - __main__ - INFO - Scraping all for all users
2025-01-21 18:53:13,837 - scripts.scraper - DEBUG - Connection made to database dbfinance
2025-01-21 18:53:13,852 - scripts.scraper - DEBUG - Connection closed to database dbfinance
2025-01-21 19:03:42,278 - asyncio - DEBUG - Using selector: EpollSelector
2025-01-21 19:03:42,436 - __main__ - INFO - Scraping all for all users
2025-01-21 19:03:42,476 - scripts.scraper - DEBUG - Connection made to database dbfinance
2025-01-21 19:03:42,489 - scripts.scraper - DEBUG - Connection closed to database dbfinance
2025-01-21 19:03:42,899 - scripts.scraper - DEBUG - Browser opened for user 1c064242976c4971a6b8fcdc7515b5ec
2025-01-21 19:03:42,931 - scripts.scraper - DEBUG - Connection made to database dbfinance
2025-01-21 19:03:55,801 - scripts.scraper - DEBUG - Scraped payslip at date 2025-01-10 for user 1c064242976c4971a6b8fcdc7515b5ec
2025-01-21 19:03:56,394 - scripts.scraper - DEBUG - Scraped payslip at date 2024-12-27 for user 1c064242976c4971a6b8fcdc7515b5ec
2025-01-21 19:03:57,467 - scripts.scraper - DEBUG - Scraped payslip at date 2024-12-13 for user 1c064242976c4971a6b8fcdc7515b5ec
2025-01-21 19:03:58,524 - scripts.scraper - DEBUG - Scraped payslip at date 2024-11-29 for user 1c064242976c4971a6b8fcdc7515b5ec
2025-01-21 19:03:59,591 - scripts.scraper - DEBUG - Scraped payslip at date 2024-11-15 for user 1c064242976c4971a6b8fcdc7515b5ec
2025-01-21 19:04:00,270 - scripts.scraper - DEBUG - Scraped payslip at date 2024-11-01 for user 1c064242976c4971a6b8fcdc7515b5ec
2025-01-21 19:04:00,861 - scripts.scraper - DEBUG - Scraped payslip at date 2024-10-18 for user 1c064242976c4971a6b8fcdc7515b5ec
2025-01-21 19:04:01,456 - scripts.scraper - DEBUG - Scraped payslip at date 2024-10-04 for user 1c064242976c4971a6b8fcdc7515b5ec
2025-01-21 19:04:02,054 - scripts.scraper - DEBUG - Scraped payslip at date 2024-09-20 for user 1c064242976c4971a6b8fcdc7515b5ec
2025-01-21 19:04:02,655 - scripts.scraper - DEBUG - Scraped payslip at date 2024-09-06 for user 1c064242976c4971a6b8fcdc7515b5ec
2025-01-21 19:04:03,225 - scripts.scraper - DEBUG - Scraped payslip at date 2024-08-23 for user 1c064242976c4971a6b8fcdc7515b5ec
2025-01-21 19:04:03,808 - scripts.scraper - DEBUG - Scraped payslip at date 2024-08-09 for user 1c064242976c4971a6b8fcdc7515b5ec
2025-01-21 19:04:04,401 - scripts.scraper - DEBUG - Scraped payslip at date 2024-07-26 for user 1c064242976c4971a6b8fcdc7515b5ec
2025-01-21 19:04:05,479 - scripts.scraper - DEBUG - Scraped payslip at date 2024-07-12 for user 1c064242976c4971a6b8fcdc7515b5ec
2025-01-21 19:04:06,033 - scripts.scraper - DEBUG - Scraped payslip at date 2024-06-28 for user 1c064242976c4971a6b8fcdc7515b5ec
2025-01-21 19:04:06,631 - scripts.scraper - DEBUG - Scraped payslip at date 2024-06-14 for user 1c064242976c4971a6b8fcdc7515b5ec
2025-01-21 19:04:07,231 - scripts.scraper - DEBUG - Scraped payslip at date 2024-05-31 for user 1c064242976c4971a6b8fcdc7515b5ec
2025-01-21 19:04:07,774 - scripts.scraper - DEBUG - Scraped payslip at date 2024-05-17 for user 1c064242976c4971a6b8fcdc7515b5ec
2025-01-21 19:04:08,374 - scripts.scraper - DEBUG - Scraped payslip at date 2024-05-03 for user 1c064242976c4971a6b8fcdc7515b5ec
2025-01-21 19:04:08,946 - scripts.scraper - DEBUG - Scraped payslip at date 2024-04-19 for user 1c064242976c4971a6b8fcdc7515b5ec
2025-01-21 19:04:09,513 - scripts.scraper - DEBUG - Scraped payslip at date 2024-04-05 for user 1c064242976c4971a6b8fcdc7515b5ec
2025-01-21 19:04:10,137 - scripts.scraper - DEBUG - Scraped payslip at date 2024-03-22 for user 1c064242976c4971a6b8fcdc7515b5ec
2025-01-21 19:04:10,728 - scripts.scraper - DEBUG - Scraped payslip at date 2024-03-08 for user 1c064242976c4971a6b8fcdc7515b5ec
2025-01-21 19:04:11,287 - scripts.scraper - DEBUG - Scraped payslip at date 2024-02-23 for user 1c064242976c4971a6b8fcdc7515b5ec
2025-01-21 19:04:11,863 - scripts.scraper - DEBUG - Scraped payslip at date 2024-02-09 for user 1c064242976c4971a6b8fcdc7515b5ec
2025-01-21 19:04:12,965 - scripts.scraper - DEBUG - Scraped payslip at date 2024-01-26 for user 1c064242976c4971a6b8fcdc7515b5ec
2025-01-21 19:04:13,527 - scripts.scraper - DEBUG - Scraped payslip at date 2024-01-12 for user 1c064242976c4971a6b8fcdc7515b5ec
2025-01-21 19:04:14,140 - scripts.scraper - DEBUG - Scraped payslip at date 2023-12-29 for user 1c064242976c4971a6b8fcdc7515b5ec
2025-01-21 19:04:14,735 - scripts.scraper - DEBUG - Scraped payslip at date 2023-12-15 for user 1c064242976c4971a6b8fcdc7515b5ec
2025-01-21 19:04:15,304 - scripts.scraper - DEBUG - Scraped payslip at date 2023-12-01 for user 1c064242976c4971a6b8fcdc7515b5ec
2025-01-21 19:04:15,874 - scripts.scraper - DEBUG - Scraped payslip at date 2023-11-17 for user 1c064242976c4971a6b8fcdc7515b5ec
2025-01-21 19:04:16,450 - scripts.scraper - DEBUG - Scraped payslip at date 2023-11-03 for user 1c064242976c4971a6b8fcdc7515b5ec
2025-01-21 19:04:17,030 - scripts.scraper - DEBUG - Scraped payslip at date 2023-10-20 for user 1c064242976c4971a6b8fcdc7515b5ec
2025-01-21 19:04:17,620 - scripts.scraper - DEBUG - Scraped payslip at date 2023-10-06 for user 1c064242976c4971a6b8fcdc7515b5ec
2025-01-21 19:04:18,200 - scripts.scraper - DEBUG - Scraped payslip at date 2023-09-22 for user 1c064242976c4971a6b8fcdc7515b5ec
2025-01-21 19:04:18,774 - scripts.scraper - DEBUG - Scraped payslip at date 2023-09-08 for user 1c064242976c4971a6b8fcdc7515b5ec
2025-01-21 19:04:19,363 - scripts.scraper - DEBUG - Scraped payslip at date 2023-08-25 for user 1c064242976c4971a6b8fcdc7515b5ec
2025-01-21 19:04:19,982 - scripts.scraper - DEBUG - Scraped payslip at date 2023-08-11 for user 1c064242976c4971a6b8fcdc7515b5ec
2025-01-21 19:04:20,600 - scripts.scraper - DEBUG - Scraped payslip at date 2023-07-28 for user 1c064242976c4971a6b8fcdc7515b5ec
2025-01-21 19:04:21,193 - scripts.scraper - DEBUG - Scraped payslip at date 2023-07-14 for user 1c064242976c4971a6b8fcdc7515b5ec
2025-01-21 19:04:21,765 - scripts.scraper - DEBUG - Scraped payslip at date 2023-06-30 for user 1c064242976c4971a6b8fcdc7515b5ec
2025-01-21 19:04:22,341 - scripts.scraper - DEBUG - Scraped payslip at date 2023-06-16 for user 1c064242976c4971a6b8fcdc7515b5ec
2025-01-21 19:04:22,943 - scripts.scraper - DEBUG - Scraped payslip at date 2023-06-02 for user 1c064242976c4971a6b8fcdc7515b5ec
2025-01-21 19:04:23,509 - scripts.scraper - DEBUG - Scraped payslip at date 2023-05-19 for user 1c064242976c4971a6b8fcdc7515b5ec
2025-01-21 19:04:24,102 - scripts.scraper - DEBUG - Scraped payslip at date 2023-05-05 for user 1c064242976c4971a6b8fcdc7515b5ec
2025-01-21 19:04:24,700 - scripts.scraper - DEBUG - Scraped payslip at date 2023-04-21 for user 1c064242976c4971a6b8fcdc7515b5ec
2025-01-21 19:04:34,815 - scripts.scraper - ERROR - Locator expected to have text '06/04/2023'
Actual value: 07/04/2023 
Call log:
LocatorAssertions.to_have_text with timeout 10000ms
  - waiting for locator("#ctl00_MCPH_PayslipCtrl_udpEmployeeDetails").locator(".TDData").nth(2)
  -   locator resolved to <td valign="top" class="TDData">21/04/2023</td>
  -   unexpected value "21/04/2023"
  -   locator resolved to <td valign="top" class="TDData">21/04/2023</td>
  -   unexpected value "21/04/2023"
  -   locator resolved to <td valign="top" class="TDData">21/04/2023</td>
  -   unexpected value "21/04/2023"
  -   locator resolved to <td valign="top" class="TDData">07/04/2023</td>
  -   unexpected value "07/04/2023"
  -   locator resolved to <td valign="top" class="TDData">07/04/2023</td>
  -   unexpected value "07/04/2023"
  -   locator resolved to <td valign="top" class="TDData">07/04/2023</td>
  -   unexpected value "07/04/2023"
  -   locator resolved to <td valign="top" class="TDData">07/04/2023</td>
  -   unexpected value "07/04/2023"
  -   locator resolved to <td valign="top" class="TDData">07/04/2023</td>
  -   unexpected value "07/04/2023"
  -   locator resolved to <td valign="top" class="TDData">07/04/2023</td>
  -   unexpected value "07/04/2023"
  -   locator resolved to <td valign="top" class="TDData">07/04/2023</td>
  -   unexpected value "07/04/2023"
  -   locator resolved to <td valign="top" class="TDData">07/04/2023</td>
  -   unexpected value "07/04/2023"
  -   locator resolved to <td valign="top" class="TDData">07/04/2023</td>
  -   unexpected value "07/04/2023"
  -   locator resolved to <td valign="top" class="TDData">07/04/2023</td>
  -   unexpected value "07/04/2023"
  -   locator resolved to <td valign="top" class="TDData">07/04/2023</td>
  -   unexpected value "07/04/2023"

2025-01-21 19:04:34,920 - scripts.scraper - DEBUG - Scraped payslip at date 2023-04-06 for user 1c064242976c4971a6b8fcdc7515b5ec
2025-01-21 19:04:35,554 - scripts.scraper - DEBUG - Scraped payslip at date 2023-03-24 for user 1c064242976c4971a6b8fcdc7515b5ec
2025-01-21 19:04:36,145 - scripts.scraper - DEBUG - Scraped payslip at date 2023-03-10 for user 1c064242976c4971a6b8fcdc7515b5ec
2025-01-21 19:04:37,238 - scripts.scraper - DEBUG - Scraped payslip at date 2023-02-24 for user 1c064242976c4971a6b8fcdc7515b5ec
2025-01-21 19:04:37,843 - scripts.scraper - DEBUG - Scraped payslip at date 2023-02-10 for user 1c064242976c4971a6b8fcdc7515b5ec
2025-01-21 19:04:38,402 - scripts.scraper - DEBUG - Scraped payslip at date 2023-01-27 for user 1c064242976c4971a6b8fcdc7515b5ec
2025-01-21 19:04:39,012 - scripts.scraper - DEBUG - Scraped payslip at date 2023-01-13 for user 1c064242976c4971a6b8fcdc7515b5ec
2025-01-21 19:04:39,616 - scripts.scraper - DEBUG - Scraped payslip at date 2022-12-30 for user 1c064242976c4971a6b8fcdc7515b5ec
2025-01-21 19:04:40,211 - scripts.scraper - DEBUG - Scraped payslip at date 2022-12-16 for user 1c064242976c4971a6b8fcdc7515b5ec
2025-01-21 19:04:40,822 - scripts.scraper - DEBUG - Scraped payslip at date 2022-12-02 for user 1c064242976c4971a6b8fcdc7515b5ec
2025-01-21 19:04:40,830 - scripts.scraper - INFO - Scraped 56 payslips for user 1c064242976c4971a6b8fcdc7515b5ec
2025-01-21 19:04:40,898 - scripts.scraper - DEBUG - Connection closed to database dbfinance
2025-01-21 19:04:41,277 - scripts.scraper - DEBUG - Browser closed for user 1c064242976c4971a6b8fcdc7515b5ec
2025-01-21 19:04:41,277 - scripts.scraper - INFO - Finished scraping all for user 1c064242976c4971a6b8fcdc7515b5ec
2025-01-21 19:13:12,045 - asyncio - DEBUG - Using selector: EpollSelector
2025-01-21 19:13:12,205 - __main__ - INFO - Scraping all for all users
2025-01-21 19:13:12,242 - scripts.scraper - DEBUG - Connection made to database dbfinance
2025-01-21 19:13:12,254 - scripts.scraper - DEBUG - Connection closed to database dbfinance
2025-01-21 19:13:12,572 - scripts.scraper - DEBUG - Browser opened for user 1c064242976c4971a6b8fcdc7515b5ec
2025-01-21 19:13:12,610 - scripts.scraper - DEBUG - Connection made to database dbfinance
2025-01-21 19:13:24,034 - scripts.scraper - INFO - Scraped 0 payslips for user 1c064242976c4971a6b8fcdc7515b5ec
2025-01-21 19:13:24,051 - scripts.scraper - DEBUG - Connection closed to database dbfinance
2025-01-21 19:13:24,073 - scripts.scraper - DEBUG - Connection made to database dbfinance
2025-01-21 19:13:24,078 - scripts.scraper - DEBUG - Connection closed to database dbfinance
2025-01-21 19:13:24,104 - scripts.scraper - DEBUG - Connection made to database dbfinance
2025-01-21 19:13:33,179 - scripts.scraper - DEBUG - Connection closed to database dbfinance
2025-01-21 19:13:33,275 - asyncio - ERROR - Future exception was never retrieved
future: <Future finished exception=TargetClosedError('Target page, context or browser has been closed\nCall log:\nwaiting for get_by_role("button", name="Week View")\n')>
playwright._impl._errors.TargetClosedError: Target page, context or browser has been closed
Call log:
waiting for get_by_role("button", name="Week View")

2025-01-21 19:13:37,727 - asyncio - DEBUG - Using selector: EpollSelector
2025-01-21 19:13:37,887 - __main__ - INFO - Scraping all for all users
2025-01-21 19:13:37,921 - scripts.scraper - DEBUG - Connection made to database dbfinance
2025-01-21 19:13:37,934 - scripts.scraper - DEBUG - Connection closed to database dbfinance
2025-01-21 19:13:38,255 - scripts.scraper - DEBUG - Browser opened for user 1c064242976c4971a6b8fcdc7515b5ec
2025-01-21 19:13:38,287 - scripts.scraper - DEBUG - Connection made to database dbfinance
2025-01-21 19:14:00,784 - scripts.scraper - INFO - Scraped 0 payslips for user 1c064242976c4971a6b8fcdc7515b5ec
2025-01-21 19:14:00,793 - scripts.scraper - DEBUG - Connection closed to database dbfinance
2025-01-21 19:14:00,816 - scripts.scraper - DEBUG - Connection made to database dbfinance
2025-01-21 19:14:00,821 - scripts.scraper - DEBUG - Connection closed to database dbfinance
2025-01-21 19:14:00,849 - scripts.scraper - DEBUG - Connection made to database dbfinance
2025-01-21 19:14:39,042 - scripts.scraper - DEBUG - Connection closed to database dbfinance
2025-01-21 19:14:39,409 - scripts.scraper - DEBUG - Browser closed for user 1c064242976c4971a6b8fcdc7515b5ec
2025-01-21 19:14:39,410 - scripts.scraper - INFO - Finished scraping all for user 1c064242976c4971a6b8fcdc7515b5ec
2025-01-21 19:15:25,134 - asyncio - DEBUG - Using selector: EpollSelector
2025-01-21 19:15:25,292 - __main__ - INFO - Scraping all for all users
2025-01-21 19:15:25,335 - scripts.scraper - DEBUG - Connection made to database dbfinance
2025-01-21 19:15:25,347 - scripts.scraper - DEBUG - Connection closed to database dbfinance
2025-01-21 19:15:25,669 - scripts.scraper - DEBUG - Browser opened for user 1c064242976c4971a6b8fcdc7515b5ec
2025-01-21 19:15:25,703 - scripts.scraper - DEBUG - Connection made to database dbfinance
2025-01-21 19:15:38,387 - scripts.scraper - DEBUG - Scraped payslip at date 2025-01-10 for user 1c064242976c4971a6b8fcdc7515b5ec
2025-01-21 19:15:38,960 - scripts.scraper - DEBUG - Scraped payslip at date 2024-12-27 for user 1c064242976c4971a6b8fcdc7515b5ec
2025-01-21 19:15:39,541 - scripts.scraper - DEBUG - Scraped payslip at date 2024-12-13 for user 1c064242976c4971a6b8fcdc7515b5ec
2025-01-21 19:15:40,132 - scripts.scraper - DEBUG - Scraped payslip at date 2024-11-29 for user 1c064242976c4971a6b8fcdc7515b5ec
2025-01-21 19:15:40,725 - scripts.scraper - DEBUG - Scraped payslip at date 2024-11-15 for user 1c064242976c4971a6b8fcdc7515b5ec
2025-01-21 19:15:41,318 - scripts.scraper - DEBUG - Scraped payslip at date 2024-11-01 for user 1c064242976c4971a6b8fcdc7515b5ec
2025-01-21 19:15:41,940 - scripts.scraper - DEBUG - Scraped payslip at date 2024-10-18 for user 1c064242976c4971a6b8fcdc7515b5ec
2025-01-21 19:15:42,516 - scripts.scraper - DEBUG - Connection closed to database dbfinance
2025-01-21 19:15:42,519 - scripts.scraper - DEBUG - Browser closed for user 1c064242976c4971a6b8fcdc7515b5ec
2025-01-21 19:15:42,519 - scripts.scraper - INFO - Finished scraping all for user 1c064242976c4971a6b8fcdc7515b5ec
2025-01-21 19:15:52,897 - asyncio - DEBUG - Using selector: EpollSelector
2025-01-21 19:15:53,061 - __main__ - INFO - Scraping all for all users
2025-01-21 19:15:53,107 - scripts.scraper - DEBUG - Connection made to database dbfinance
2025-01-21 19:15:53,121 - scripts.scraper - DEBUG - Connection closed to database dbfinance
2025-01-21 19:15:53,438 - scripts.scraper - DEBUG - Browser opened for user 1c064242976c4971a6b8fcdc7515b5ec
2025-01-21 19:15:53,473 - scripts.scraper - DEBUG - Connection made to database dbfinance
2025-01-21 19:16:13,043 - scripts.scraper - DEBUG - Scraped payslip at date 2025-01-10 for user 1c064242976c4971a6b8fcdc7515b5ec
2025-01-21 19:16:13,618 - scripts.scraper - DEBUG - Scraped payslip at date 2024-12-27 for user 1c064242976c4971a6b8fcdc7515b5ec
2025-01-21 19:16:14,218 - scripts.scraper - DEBUG - Scraped payslip at date 2024-12-13 for user 1c064242976c4971a6b8fcdc7515b5ec
2025-01-21 19:16:14,791 - scripts.scraper - DEBUG - Scraped payslip at date 2024-11-29 for user 1c064242976c4971a6b8fcdc7515b5ec
2025-01-21 19:16:15,370 - scripts.scraper - DEBUG - Connection closed to database dbfinance
2025-01-21 19:16:15,750 - scripts.scraper - DEBUG - Browser closed for user 1c064242976c4971a6b8fcdc7515b5ec
2025-01-21 19:16:15,750 - scripts.scraper - INFO - Finished scraping all for user 1c064242976c4971a6b8fcdc7515b5ec
2025-01-21 19:19:28,327 - asyncio - DEBUG - Using selector: EpollSelector
2025-01-21 19:19:28,486 - __main__ - INFO - Scraping all for all users
2025-01-21 19:19:28,530 - scripts.scraper - DEBUG - Connection made to database dbfinance
2025-01-21 19:19:28,542 - scripts.scraper - DEBUG - Connection closed to database dbfinance
2025-01-21 19:19:28,861 - scripts.scraper - DEBUG - Browser opened for user 1c064242976c4971a6b8fcdc7515b5ec
2025-01-21 19:19:28,893 - scripts.scraper - DEBUG - Connection made to database dbfinance
2025-01-21 19:19:41,759 - scripts.scraper - DEBUG - Scraped payslip at date 2025-01-10 for user 1c064242976c4971a6b8fcdc7515b5ec
2025-01-21 19:19:42,375 - scripts.scraper - DEBUG - Scraped payslip at date 2024-12-27 for user 1c064242976c4971a6b8fcdc7515b5ec
2025-01-21 19:19:42,939 - scripts.scraper - DEBUG - Scraped payslip at date 2024-12-13 for user 1c064242976c4971a6b8fcdc7515b5ec
2025-01-21 19:19:43,514 - scripts.scraper - DEBUG - Scraped payslip at date 2024-11-29 for user 1c064242976c4971a6b8fcdc7515b5ec
2025-01-21 19:19:44,096 - scripts.scraper - DEBUG - Connection closed to database dbfinance
2025-01-21 19:19:44,466 - scripts.scraper - DEBUG - Browser closed for user 1c064242976c4971a6b8fcdc7515b5ec
2025-01-21 19:19:44,467 - scripts.scraper - INFO - Finished scraping all for user 1c064242976c4971a6b8fcdc7515b5ec
2025-01-21 19:20:10,304 - asyncio - DEBUG - Using selector: EpollSelector
2025-01-21 19:20:10,464 - __main__ - INFO - Scraping all for all users
2025-01-21 19:20:10,498 - scripts.scraper - DEBUG - Connection made to database dbfinance
2025-01-21 19:20:10,511 - scripts.scraper - DEBUG - Connection closed to database dbfinance
2025-01-21 19:20:10,834 - scripts.scraper - DEBUG - Browser opened for user 1c064242976c4971a6b8fcdc7515b5ec
2025-01-21 19:20:10,868 - scripts.scraper - DEBUG - Connection made to database dbfinance
2025-01-21 19:20:18,744 - scripts.scraper - DEBUG - Scraped payslip at date 2025-01-10 for user 1c064242976c4971a6b8fcdc7515b5ec
2025-01-21 19:20:19,359 - scripts.scraper - DEBUG - Scraped payslip at date 2024-12-27 for user 1c064242976c4971a6b8fcdc7515b5ec
2025-01-21 19:20:19,982 - scripts.scraper - DEBUG - Scraped payslip at date 2024-12-13 for user 1c064242976c4971a6b8fcdc7515b5ec
2025-01-21 19:20:20,566 - scripts.scraper - DEBUG - Scraped payslip at date 2024-11-29 for user 1c064242976c4971a6b8fcdc7515b5ec
2025-01-21 19:20:21,127 - scripts.scraper - DEBUG - Scraped payslip at date 2024-11-15 for user 1c064242976c4971a6b8fcdc7515b5ec
2025-01-21 19:20:21,686 - scripts.scraper - DEBUG - Scraped payslip at date 2024-11-01 for user 1c064242976c4971a6b8fcdc7515b5ec
2025-01-21 19:20:22,267 - scripts.scraper - DEBUG - Scraped payslip at date 2024-10-18 for user 1c064242976c4971a6b8fcdc7515b5ec
2025-01-21 19:20:22,858 - scripts.scraper - DEBUG - Scraped payslip at date 2024-10-04 for user 1c064242976c4971a6b8fcdc7515b5ec
2025-01-21 19:20:23,437 - scripts.scraper - DEBUG - Scraped payslip at date 2024-09-20 for user 1c064242976c4971a6b8fcdc7515b5ec
2025-01-21 19:20:24,034 - scripts.scraper - DEBUG - Scraped payslip at date 2024-09-06 for user 1c064242976c4971a6b8fcdc7515b5ec
2025-01-21 19:20:24,631 - scripts.scraper - DEBUG - Scraped payslip at date 2024-08-23 for user 1c064242976c4971a6b8fcdc7515b5ec
2025-01-21 19:20:25,217 - scripts.scraper - DEBUG - Scraped payslip at date 2024-08-09 for user 1c064242976c4971a6b8fcdc7515b5ec
2025-01-21 19:20:25,770 - scripts.scraper - DEBUG - Scraped payslip at date 2024-07-26 for user 1c064242976c4971a6b8fcdc7515b5ec
2025-01-21 19:20:26,327 - scripts.scraper - DEBUG - Scraped payslip at date 2024-07-12 for user 1c064242976c4971a6b8fcdc7515b5ec
2025-01-21 19:20:26,920 - scripts.scraper - DEBUG - Scraped payslip at date 2024-06-28 for user 1c064242976c4971a6b8fcdc7515b5ec
2025-01-21 19:20:27,481 - scripts.scraper - DEBUG - Scraped payslip at date 2024-06-14 for user 1c064242976c4971a6b8fcdc7515b5ec
2025-01-21 19:20:28,059 - scripts.scraper - DEBUG - Scraped payslip at date 2024-05-31 for user 1c064242976c4971a6b8fcdc7515b5ec
2025-01-21 19:20:28,645 - scripts.scraper - DEBUG - Scraped payslip at date 2024-05-17 for user 1c064242976c4971a6b8fcdc7515b5ec
2025-01-21 19:20:29,243 - scripts.scraper - DEBUG - Scraped payslip at date 2024-05-03 for user 1c064242976c4971a6b8fcdc7515b5ec
2025-01-21 19:20:29,812 - scripts.scraper - DEBUG - Scraped payslip at date 2024-04-19 for user 1c064242976c4971a6b8fcdc7515b5ec
2025-01-21 19:20:30,431 - scripts.scraper - DEBUG - Scraped payslip at date 2024-04-05 for user 1c064242976c4971a6b8fcdc7515b5ec
2025-01-21 19:20:31,016 - scripts.scraper - DEBUG - Scraped payslip at date 2024-03-22 for user 1c064242976c4971a6b8fcdc7515b5ec
2025-01-21 19:20:31,583 - scripts.scraper - DEBUG - Scraped payslip at date 2024-03-08 for user 1c064242976c4971a6b8fcdc7515b5ec
2025-01-21 19:20:32,165 - scripts.scraper - DEBUG - Scraped payslip at date 2024-02-23 for user 1c064242976c4971a6b8fcdc7515b5ec
2025-01-21 19:20:32,764 - scripts.scraper - DEBUG - Scraped payslip at date 2024-02-09 for user 1c064242976c4971a6b8fcdc7515b5ec
2025-01-21 19:20:33,891 - scripts.scraper - DEBUG - Scraped payslip at date 2024-01-26 for user 1c064242976c4971a6b8fcdc7515b5ec
2025-01-21 19:20:34,472 - scripts.scraper - DEBUG - Scraped payslip at date 2024-01-12 for user 1c064242976c4971a6b8fcdc7515b5ec
2025-01-21 19:20:35,073 - scripts.scraper - DEBUG - Scraped payslip at date 2023-12-29 for user 1c064242976c4971a6b8fcdc7515b5ec
2025-01-21 19:20:35,649 - scripts.scraper - DEBUG - Scraped payslip at date 2023-12-15 for user 1c064242976c4971a6b8fcdc7515b5ec
2025-01-21 19:20:36,233 - scripts.scraper - DEBUG - Scraped payslip at date 2023-12-01 for user 1c064242976c4971a6b8fcdc7515b5ec
2025-01-21 19:20:36,829 - scripts.scraper - DEBUG - Scraped payslip at date 2023-11-17 for user 1c064242976c4971a6b8fcdc7515b5ec
2025-01-21 19:20:37,397 - scripts.scraper - DEBUG - Scraped payslip at date 2023-11-03 for user 1c064242976c4971a6b8fcdc7515b5ec
2025-01-21 19:20:37,982 - scripts.scraper - DEBUG - Scraped payslip at date 2023-10-20 for user 1c064242976c4971a6b8fcdc7515b5ec
2025-01-21 19:20:38,591 - scripts.scraper - DEBUG - Scraped payslip at date 2023-10-06 for user 1c064242976c4971a6b8fcdc7515b5ec
2025-01-21 19:20:39,716 - scripts.scraper - DEBUG - Scraped payslip at date 2023-09-22 for user 1c064242976c4971a6b8fcdc7515b5ec
2025-01-21 19:20:40,315 - scripts.scraper - DEBUG - Scraped payslip at date 2023-09-08 for user 1c064242976c4971a6b8fcdc7515b5ec
2025-01-21 19:20:40,890 - scripts.scraper - DEBUG - Scraped payslip at date 2023-08-25 for user 1c064242976c4971a6b8fcdc7515b5ec
2025-01-21 19:20:41,475 - scripts.scraper - DEBUG - Scraped payslip at date 2023-08-11 for user 1c064242976c4971a6b8fcdc7515b5ec
2025-01-21 19:20:42,074 - scripts.scraper - DEBUG - Scraped payslip at date 2023-07-28 for user 1c064242976c4971a6b8fcdc7515b5ec
2025-01-21 19:20:42,660 - scripts.scraper - DEBUG - Scraped payslip at date 2023-07-14 for user 1c064242976c4971a6b8fcdc7515b5ec
2025-01-21 19:20:43,231 - scripts.scraper - DEBUG - Scraped payslip at date 2023-06-30 for user 1c064242976c4971a6b8fcdc7515b5ec
2025-01-21 19:20:43,851 - scripts.scraper - DEBUG - Scraped payslip at date 2023-06-16 for user 1c064242976c4971a6b8fcdc7515b5ec
2025-01-21 19:20:44,435 - scripts.scraper - DEBUG - Scraped payslip at date 2023-06-02 for user 1c064242976c4971a6b8fcdc7515b5ec
2025-01-21 19:20:45,025 - scripts.scraper - DEBUG - Scraped payslip at date 2023-05-19 for user 1c064242976c4971a6b8fcdc7515b5ec
2025-01-21 19:20:45,607 - scripts.scraper - DEBUG - Scraped payslip at date 2023-05-05 for user 1c064242976c4971a6b8fcdc7515b5ec
2025-01-21 19:20:46,190 - scripts.scraper - DEBUG - Scraped payslip at date 2023-04-21 for user 1c064242976c4971a6b8fcdc7515b5ec
2025-01-21 19:20:56,295 - scripts.scraper - ERROR - Locator expected to have text '06/04/2023'
Actual value: 07/04/2023 
Call log:
LocatorAssertions.to_have_text with timeout 10000ms
  - waiting for locator("#ctl00_MCPH_PayslipCtrl_udpEmployeeDetails").locator(".TDData").nth(2)
  -   locator resolved to <td valign="top" class="TDData">21/04/2023</td>
  -   unexpected value "21/04/2023"
  -   locator resolved to <td valign="top" class="TDData">21/04/2023</td>
  -   unexpected value "21/04/2023"
  -   locator resolved to <td valign="top" class="TDData">21/04/2023</td>
  -   unexpected value "21/04/2023"
  -   locator resolved to <td valign="top" class="TDData">07/04/2023</td>
  -   unexpected value "07/04/2023"
  -   locator resolved to <td valign="top" class="TDData">07/04/2023</td>
  -   unexpected value "07/04/2023"
  -   locator resolved to <td valign="top" class="TDData">07/04/2023</td>
  -   unexpected value "07/04/2023"
  -   locator resolved to <td valign="top" class="TDData">07/04/2023</td>
  -   unexpected value "07/04/2023"
  -   locator resolved to <td valign="top" class="TDData">07/04/2023</td>
  -   unexpected value "07/04/2023"
  -   locator resolved to <td valign="top" class="TDData">07/04/2023</td>
  -   unexpected value "07/04/2023"
  -   locator resolved to <td valign="top" class="TDData">07/04/2023</td>
  -   unexpected value "07/04/2023"
  -   locator resolved to <td valign="top" class="TDData">07/04/2023</td>
  -   unexpected value "07/04/2023"
  -   locator resolved to <td valign="top" class="TDData">07/04/2023</td>
  -   unexpected value "07/04/2023"
  -   locator resolved to <td valign="top" class="TDData">07/04/2023</td>
  -   unexpected value "07/04/2023"
  -   locator resolved to <td valign="top" class="TDData">07/04/2023</td>
  -   unexpected value "07/04/2023"

2025-01-21 19:20:56,396 - scripts.scraper - DEBUG - Scraped payslip at date 2023-04-06 for user 1c064242976c4971a6b8fcdc7515b5ec
2025-01-21 19:20:57,468 - scripts.scraper - DEBUG - Scraped payslip at date 2023-03-24 for user 1c064242976c4971a6b8fcdc7515b5ec
2025-01-21 19:20:58,048 - scripts.scraper - DEBUG - Scraped payslip at date 2023-03-10 for user 1c064242976c4971a6b8fcdc7515b5ec
2025-01-21 19:20:58,652 - scripts.scraper - DEBUG - Scraped payslip at date 2023-02-24 for user 1c064242976c4971a6b8fcdc7515b5ec
2025-01-21 19:20:59,226 - scripts.scraper - DEBUG - Scraped payslip at date 2023-02-10 for user 1c064242976c4971a6b8fcdc7515b5ec
2025-01-21 19:20:59,803 - scripts.scraper - DEBUG - Scraped payslip at date 2023-01-27 for user 1c064242976c4971a6b8fcdc7515b5ec
2025-01-21 19:21:00,392 - scripts.scraper - DEBUG - Scraped payslip at date 2023-01-13 for user 1c064242976c4971a6b8fcdc7515b5ec
2025-01-21 19:21:00,991 - scripts.scraper - DEBUG - Scraped payslip at date 2022-12-30 for user 1c064242976c4971a6b8fcdc7515b5ec
2025-01-21 19:21:01,574 - scripts.scraper - DEBUG - Scraped payslip at date 2022-12-16 for user 1c064242976c4971a6b8fcdc7515b5ec
2025-01-21 19:21:02,181 - scripts.scraper - DEBUG - Scraped payslip at date 2022-12-02 for user 1c064242976c4971a6b8fcdc7515b5ec
2025-01-21 19:21:02,190 - scripts.scraper - INFO - Scraped 56 payslips for user 1c064242976c4971a6b8fcdc7515b5ec
2025-01-21 19:21:02,793 - scripts.scraper - DEBUG - Connection closed to database dbfinance
2025-01-21 19:21:02,813 - scripts.scraper - DEBUG - Connection made to database dbfinance
2025-01-21 19:21:03,402 - scripts.scraper - DEBUG - Connection closed to database dbfinance
2025-01-21 19:21:03,426 - scripts.scraper - DEBUG - Connection made to database dbfinance
2025-01-21 19:21:40,762 - scripts.scraper - DEBUG - Connection closed to database dbfinance
2025-01-21 19:21:41,135 - scripts.scraper - DEBUG - Browser closed for user 1c064242976c4971a6b8fcdc7515b5ec
2025-01-21 19:21:41,135 - scripts.scraper - INFO - Finished scraping all for user 1c064242976c4971a6b8fcdc7515b5ec
2025-01-21 19:22:46,593 - asyncio - DEBUG - Using selector: EpollSelector
2025-01-21 19:22:46,752 - __main__ - INFO - Scraping all for all users
2025-01-21 19:22:46,790 - scripts.scraper - DEBUG - Connection made to database dbfinance
2025-01-21 19:22:46,803 - scripts.scraper - DEBUG - Connection closed to database dbfinance
2025-01-21 19:22:47,127 - scripts.scraper - DEBUG - Browser opened for user 1c064242976c4971a6b8fcdc7515b5ec
2025-01-21 19:22:47,173 - scripts.scraper - DEBUG - Connection made to database dbfinance
2025-01-21 19:22:48,078 - scripts.scraper - DEBUG - Connection closed to database dbfinance
2025-01-21 19:22:48,081 - scripts.scraper - DEBUG - Browser closed for user 1c064242976c4971a6b8fcdc7515b5ec
2025-01-21 19:22:48,082 - scripts.scraper - INFO - Finished scraping all for user 1c064242976c4971a6b8fcdc7515b5ec
2025-01-21 19:22:48,145 - asyncio - ERROR - Future exception was never retrieved
future: <Future finished exception=TargetClosedError('Target page, context or browser has been closed\nCall log:\nnavigating to "https://my.sdworx.co.uk/portal/login.aspx?organisation=76231", waiting until "load"\n')>
playwright._impl._errors.TargetClosedError: Target page, context or browser has been closed
Call log:
navigating to "https://my.sdworx.co.uk/portal/login.aspx?organisation=76231", waiting until "load"

2025-01-21 19:24:21,685 - asyncio - DEBUG - Using selector: EpollSelector
2025-01-21 19:24:21,841 - __main__ - INFO - Scraping all for all users
2025-01-21 19:24:21,874 - scripts.scraper - DEBUG - Connection made to database dbfinance
2025-01-21 19:24:21,888 - scripts.scraper - DEBUG - Connection closed to database dbfinance
2025-01-21 19:24:22,373 - scripts.scraper - DEBUG - Browser opened for user 1c064242976c4971a6b8fcdc7515b5ec
2025-01-21 19:24:22,408 - scripts.scraper - DEBUG - Connection made to database dbfinance
2025-01-21 19:24:35,393 - scripts.scraper - DEBUG - Scraped payslip at date 2025-01-10 for user 1c064242976c4971a6b8fcdc7515b5ec
2025-01-21 19:24:35,943 - scripts.scraper - DEBUG - Scraped payslip at date 2024-12-27 for user 1c064242976c4971a6b8fcdc7515b5ec
2025-01-21 19:24:37,306 - scripts.scraper - ERROR - Locator expected to have text '13/12/2024'
Actual value: 27/12/2024 
Call log:
LocatorAssertions.to_have_text with timeout 10000ms
  - waiting for locator("#ctl00_MCPH_PayslipCtrl_udpEmployeeDetails").locator(".TDData").nth(2)
  -   locator resolved to <td valign="top" class="TDData">27/12/2024</td>
  -   unexpected value "27/12/2024"
  -   locator resolved to <td valign="top" class="TDData">27/12/2024</td>
  -   unexpected value "27/12/2024"
  -   locator resolved to <td valign="top" class="TDData">27/12/2024</td>
  -   unexpected value "27/12/2024"
  -   locator resolved to <td valign="top" class="TDData">27/12/2024</td>
  -   unexpected value "27/12/2024"
  -   locator resolved to <td valign="top" class="TDData">27/12/2024</td>
  -   unexpected value "27/12/2024"

2025-01-21 19:24:37,329 - scripts.scraper - DEBUG - Connection closed to database dbfinance
2025-01-21 19:24:37,329 - scripts.scraper - ERROR - Locator.all: Target page, context or browser has been closed
Traceback (most recent call last):
  File "/home/chris/code/personal-finance/worker/scripts/scraper.py", line 550, in scrape_user
    await get_payslips(browser, user)
  File "/home/chris/code/personal-finance/worker/scripts/scraper.py", line 523, in get_payslips
    payslips = await scrape_payslips(browser, user)
               ^^^^^^^^^^^^^^^^^^^^^^^^^^^^^^^^^^^^
  File "/home/chris/code/personal-finance/worker/scripts/scraper.py", line 451, in scrape_payslips
    rate_lbls = await current.locator(".TDData").all()
                ^^^^^^^^^^^^^^^^^^^^^^^^^^^^^^^^^^^^^^
  File "/home/chris/miniconda3/envs/personal-finance-worker/lib/python3.12/site-packages/playwright/async_api/_generated.py", line 16200, in all
    return mapping.from_impl_list(await self._impl_obj.all())
                                  ^^^^^^^^^^^^^^^^^^^^^^^^^^
  File "/home/chris/miniconda3/envs/personal-finance-worker/lib/python3.12/site-packages/playwright/_impl/_locator.py", line 385, in all
    for index in range(await self.count()):
                       ^^^^^^^^^^^^^^^^^^
  File "/home/chris/miniconda3/envs/personal-finance-worker/lib/python3.12/site-packages/playwright/_impl/_locator.py", line 392, in count
    return await self._frame._query_count(self._selector)
           ^^^^^^^^^^^^^^^^^^^^^^^^^^^^^^^^^^^^^^^^^^^^^^
  File "/home/chris/miniconda3/envs/personal-finance-worker/lib/python3.12/site-packages/playwright/_impl/_frame.py", line 128, in _query_count
    return await self._channel.send("queryCount", {"selector": selector})
           ^^^^^^^^^^^^^^^^^^^^^^^^^^^^^^^^^^^^^^^^^^^^^^^^^^^^^^^^^^^^^^
  File "/home/chris/miniconda3/envs/personal-finance-worker/lib/python3.12/site-packages/playwright/_impl/_connection.py", line 59, in send
    return await self._connection.wrap_api_call(
           ^^^^^^^^^^^^^^^^^^^^^^^^^^^^^^^^^^^^^
  File "/home/chris/miniconda3/envs/personal-finance-worker/lib/python3.12/site-packages/playwright/_impl/_connection.py", line 514, in wrap_api_call
    raise rewrite_error(error, f"{parsed_st['apiName']}: {error}") from None
playwright._impl._errors.TargetClosedError: Locator.all: Target page, context or browser has been closed
2025-01-21 19:24:37,752 - scripts.scraper - DEBUG - Browser closed for user 1c064242976c4971a6b8fcdc7515b5ec
2025-01-21 19:24:37,752 - scripts.scraper - INFO - Finished scraping all for user 1c064242976c4971a6b8fcdc7515b5ec
2025-01-21 19:24:50,439 - asyncio - DEBUG - Using selector: EpollSelector
2025-01-21 19:24:50,599 - __main__ - INFO - Scraping shifts for all users
2025-01-21 19:24:50,624 - scripts.scraper - DEBUG - Connection made to database dbfinance
2025-01-21 19:24:50,636 - scripts.scraper - DEBUG - Connection closed to database dbfinance
2025-01-21 19:24:51,133 - scripts.scraper - DEBUG - Browser opened for user 1c064242976c4971a6b8fcdc7515b5ec
2025-01-21 19:24:51,171 - scripts.scraper - DEBUG - Connection made to database dbfinance
2025-01-21 19:25:19,646 - scripts.scraper - DEBUG - Connection closed to database dbfinance
2025-01-21 19:25:19,646 - scripts.scraper - ERROR - Locator.click: Target page, context or browser has been closed
Call log:
waiting for get_by_role("button", name="Week View")
Traceback (most recent call last):
  File "/home/chris/code/personal-finance/worker/scripts/scraper.py", line 553, in scrape_user
    await get_shifts(browser, user)
  File "/home/chris/code/personal-finance/worker/scripts/scraper.py", line 532, in get_shifts
    schedule, start, end = await scrape_shifts(browser, "Schedule", user)
                           ^^^^^^^^^^^^^^^^^^^^^^^^^^^^^^^^^^^^^^^^^^^^^^
  File "/home/chris/code/personal-finance/worker/scripts/scraper.py", line 274, in scrape_shifts
    await page.get_by_role("button", name="Week View").click()
  File "/home/chris/miniconda3/envs/personal-finance-worker/lib/python3.12/site-packages/playwright/async_api/_generated.py", line 15046, in click
    await self._impl_obj.click(
  File "/home/chris/miniconda3/envs/personal-finance-worker/lib/python3.12/site-packages/playwright/_impl/_locator.py", line 156, in click
    return await self._frame.click(self._selector, strict=True, **params)
           ^^^^^^^^^^^^^^^^^^^^^^^^^^^^^^^^^^^^^^^^^^^^^^^^^^^^^^^^^^^^^^
  File "/home/chris/miniconda3/envs/personal-finance-worker/lib/python3.12/site-packages/playwright/_impl/_frame.py", line 488, in click
    await self._channel.send("click", locals_to_params(locals()))
  File "/home/chris/miniconda3/envs/personal-finance-worker/lib/python3.12/site-packages/playwright/_impl/_connection.py", line 59, in send
    return await self._connection.wrap_api_call(
           ^^^^^^^^^^^^^^^^^^^^^^^^^^^^^^^^^^^^^
  File "/home/chris/miniconda3/envs/personal-finance-worker/lib/python3.12/site-packages/playwright/_impl/_connection.py", line 514, in wrap_api_call
    raise rewrite_error(error, f"{parsed_st['apiName']}: {error}") from None
playwright._impl._errors.TargetClosedError: Locator.click: Target page, context or browser has been closed
Call log:
waiting for get_by_role("button", name="Week View")

2025-01-21 19:25:20,022 - scripts.scraper - DEBUG - Browser closed for user 1c064242976c4971a6b8fcdc7515b5ec
2025-01-21 19:25:20,022 - scripts.scraper - INFO - Finished scraping shifts for user 1c064242976c4971a6b8fcdc7515b5ec
2025-01-21 19:25:41,059 - asyncio - DEBUG - Using selector: EpollSelector
2025-01-21 19:25:41,214 - __main__ - INFO - Scraping shifts for all users
2025-01-21 19:25:41,259 - scripts.scraper - DEBUG - Connection made to database dbfinance
2025-01-21 19:25:41,271 - scripts.scraper - DEBUG - Connection closed to database dbfinance
2025-01-21 19:25:41,763 - scripts.scraper - DEBUG - Browser opened for user 1c064242976c4971a6b8fcdc7515b5ec
2025-01-21 19:25:41,794 - scripts.scraper - DEBUG - Connection made to database dbfinance
2025-01-21 19:25:51,263 - scripts.scraper - DEBUG - Scraped shift: Date: 2024-07-08, Start: 1720425600.0, End: 1720447200.0, Type: Schedule, Category: work for user 1c064242976c4971a6b8fcdc7515b5ec
2025-01-21 19:25:51,263 - scripts.scraper - DEBUG - Scraped shift: Date: 2024-07-09, Start: 1720524600.0, End: 1720544400.0, Type: Schedule, Category: work for user 1c064242976c4971a6b8fcdc7515b5ec
2025-01-21 19:25:51,263 - scripts.scraper - DEBUG - Scraped shift: Date: 2024-07-14, Start: 1720944000.0, End: 1720965600.0, Type: Schedule, Category: work for user 1c064242976c4971a6b8fcdc7515b5ec
2025-01-21 19:25:52,282 - scripts.scraper - DEBUG - Scraped shift: Date: 2024-07-15, Start: 1721059200.0, End: 1721080800.0, Type: Schedule, Category: work for user 1c064242976c4971a6b8fcdc7515b5ec
2025-01-21 19:25:52,283 - scripts.scraper - DEBUG - Scraped shift: Date: 2024-07-21, Start: 1721581200.0, End: 1721599200.0, Type: Schedule, Category: work for user 1c064242976c4971a6b8fcdc7515b5ec
2025-01-21 19:25:53,249 - scripts.scraper - DEBUG - Scraped shift: Date: 2024-07-25, Start: 1721901600.0, End: 1721923200.0, Type: Schedule, Category: work for user 1c064242976c4971a6b8fcdc7515b5ec
2025-01-21 19:25:53,250 - scripts.scraper - DEBUG - Scraped shift: Date: 2024-07-27, Start: 1722092400.0, End: 1722106800.0, Type: Schedule, Category: work for user 1c064242976c4971a6b8fcdc7515b5ec
2025-01-21 19:25:54,745 - scripts.scraper - DEBUG - Scraped shift: Date: 2024-07-29, Start: 1722250800.0, End: 1722272400.0, Type: Schedule, Category: work for user 1c064242976c4971a6b8fcdc7515b5ec
2025-01-21 19:25:54,745 - scripts.scraper - DEBUG - Scraped shift: Date: 2024-08-02, Start: 1722614400.0, End: 1722636000.0, Type: Schedule, Category: work for user 1c064242976c4971a6b8fcdc7515b5ec
2025-01-21 19:25:54,745 - scripts.scraper - DEBUG - Scraped shift: Date: 2024-08-04, Start: 1722783600.0, End: 1722807000.0, Type: Schedule, Category: work for user 1c064242976c4971a6b8fcdc7515b5ec
2025-01-21 19:25:55,780 - scripts.scraper - DEBUG - Scraped shift: Date: 2024-08-05, Start: 1722855600.0, End: 1722877200.0, Type: Schedule, Category: work for user 1c064242976c4971a6b8fcdc7515b5ec
2025-01-21 19:25:55,780 - scripts.scraper - DEBUG - Scraped shift: Date: 2024-08-06, Start: 1722931200.0, End: 1722945600.0, Type: Schedule, Category: work for user 1c064242976c4971a6b8fcdc7515b5ec
2025-01-21 19:25:55,780 - scripts.scraper - DEBUG - Scraped shift: Date: 2024-08-10, Start: 1723273200.0, End: 1723294800.0, Type: Schedule, Category: work for user 1c064242976c4971a6b8fcdc7515b5ec
2025-01-21 19:25:55,780 - scripts.scraper - DEBUG - Scraped shift: Date: 2024-08-11, Start: 1723359600.0, End: 1723384800.0, Type: Schedule, Category: work for user 1c064242976c4971a6b8fcdc7515b5ec
2025-01-21 19:25:56,781 - scripts.scraper - DEBUG - Scraped shift: Date: 2024-08-12, Start: 1723471200.0, End: 1723500000.0, Type: Schedule, Category: work for user 1c064242976c4971a6b8fcdc7515b5ec
2025-01-21 19:25:56,782 - scripts.scraper - DEBUG - Scraped shift: Date: 2024-08-15, Start: 1723712400.0, End: 1723737600.0, Type: Schedule, Category: work for user 1c064242976c4971a6b8fcdc7515b5ec
2025-01-21 19:25:57,776 - scripts.scraper - DEBUG - Scraped shift: Date: 2024-08-19, Start: 1724067000.0, End: 1724086800.0, Type: Schedule, Category: work for user 1c064242976c4971a6b8fcdc7515b5ec
2025-01-21 19:25:57,776 - scripts.scraper - DEBUG - Scraped shift: Date: 2024-08-22, Start: 1724346000.0, End: 1724364000.0, Type: Schedule, Category: work for user 1c064242976c4971a6b8fcdc7515b5ec
2025-01-21 19:25:57,778 - scripts.scraper - DEBUG - Scraped shift: Date: 2024-08-24, Start: 1724515200.0, End: 1724536800.0, Type: Schedule, Category: work for user 1c064242976c4971a6b8fcdc7515b5ec
2025-01-21 19:25:58,752 - scripts.scraper - DEBUG - Scraped shift: Date: 2024-08-27, Start: 1724774400.0, End: 1724796000.0, Type: Schedule, Category: work for user 1c064242976c4971a6b8fcdc7515b5ec
2025-01-21 19:25:58,752 - scripts.scraper - DEBUG - Scraped shift: Date: 2024-08-30, Start: 1725033600.0, End: 1725055200.0, Type: Schedule, Category: work for user 1c064242976c4971a6b8fcdc7515b5ec
2025-01-21 19:25:59,728 - scripts.scraper - DEBUG - Scraped shift: Date: 2024-09-05, Start: 1725548400.0, End: 1725573600.0, Type: Schedule, Category: work for user 1c064242976c4971a6b8fcdc7515b5ec
2025-01-21 19:25:59,728 - scripts.scraper - DEBUG - Scraped shift: Date: 2024-09-08, Start: 1725814800.0, End: 1725832800.0, Type: Schedule, Category: work for user 1c064242976c4971a6b8fcdc7515b5ec
2025-01-21 19:26:00,681 - scripts.scraper - DEBUG - Scraped shift: Date: 2024-09-09, Start: 1725894000.0, End: 1725919200.0, Type: Schedule, Category: work for user 1c064242976c4971a6b8fcdc7515b5ec
2025-01-21 19:26:00,681 - scripts.scraper - DEBUG - Scraped shift: Date: 2024-09-13, Start: 1726228800.0, End: 1726250400.0, Type: Schedule, Category: work for user 1c064242976c4971a6b8fcdc7515b5ec
2025-01-21 19:26:01,645 - scripts.scraper - DEBUG - Scraped shift: Date: 2024-09-17, Start: 1726592400.0, End: 1726610400.0, Type: Schedule, Category: work for user 1c064242976c4971a6b8fcdc7515b5ec
2025-01-21 19:26:01,645 - scripts.scraper - DEBUG - Scraped shift: Date: 2024-09-20, Start: 1726851600.0, End: 1726867800.0, Type: Schedule, Category: work for user 1c064242976c4971a6b8fcdc7515b5ec
2025-01-21 19:26:01,646 - scripts.scraper - DEBUG - Scraped shift: Date: 2024-09-22, Start: 1727024400.0, End: 1727040600.0, Type: Schedule, Category: work for user 1c064242976c4971a6b8fcdc7515b5ec
2025-01-21 19:26:02,631 - scripts.scraper - DEBUG - Scraped shift: Date: 2024-09-24, Start: 1727193600.0, End: 1727213400.0, Type: Schedule, Category: work for user 1c064242976c4971a6b8fcdc7515b5ec
2025-01-21 19:26:02,632 - scripts.scraper - DEBUG - Scraped shift: Date: 2024-09-28, Start: 1727532000.0, End: 1727553600.0, Type: Schedule, Category: work for user 1c064242976c4971a6b8fcdc7515b5ec
2025-01-21 19:26:03,633 - scripts.scraper - DEBUG - Scraped shift: Date: 2024-09-30, Start: 1727712000.0, End: 1727731800.0, Type: Schedule, Category: work for user 1c064242976c4971a6b8fcdc7515b5ec
2025-01-21 19:26:03,633 - scripts.scraper - DEBUG - Scraped shift: Date: 2024-10-05, Start: 1728117000.0, End: 1728120600.0, Type: Schedule, Category: work for user 1c064242976c4971a6b8fcdc7515b5ec
2025-01-21 19:26:03,633 - scripts.scraper - DEBUG - Scraped shift: Date: 2024-10-06, Start: 1728234000.0, End: 1728250200.0, Type: Schedule, Category: work for user 1c064242976c4971a6b8fcdc7515b5ec
2025-01-21 19:26:04,588 - scripts.scraper - DEBUG - Scraped shift: Date: 2024-10-09, Start: 1728489600.0, End: 1728509400.0, Type: Schedule, Category: work for user 1c064242976c4971a6b8fcdc7515b5ec
2025-01-21 19:26:04,588 - scripts.scraper - DEBUG - Scraped shift: Date: 2024-10-13, Start: 1728835200.0, End: 1728855000.0, Type: Schedule, Category: work for user 1c064242976c4971a6b8fcdc7515b5ec
2025-01-21 19:26:05,542 - scripts.scraper - DEBUG - Scraped shift: Date: 2024-10-15, Start: 1729011600.0, End: 1729029600.0, Type: Schedule, Category: work for user 1c064242976c4971a6b8fcdc7515b5ec
2025-01-21 19:26:05,542 - scripts.scraper - DEBUG - Scraped shift: Date: 2024-10-20, Start: 1729440000.0, End: 1729461600.0, Type: Schedule, Category: work for user 1c064242976c4971a6b8fcdc7515b5ec
2025-01-21 19:26:06,514 - scripts.scraper - DEBUG - Scraped shift: Date: 2024-10-21, Start: 1729526400.0, End: 1729546200.0, Type: Schedule, Category: work for user 1c064242976c4971a6b8fcdc7515b5ec
2025-01-21 19:26:06,514 - scripts.scraper - DEBUG - Scraped shift: Date: 2024-10-23, Start: 1729702800.0, End: 1729720800.0, Type: Schedule, Category: work for user 1c064242976c4971a6b8fcdc7515b5ec
2025-01-21 19:26:06,514 - scripts.scraper - DEBUG - Scraped shift: Date: 2024-10-25, Start: 1729872000.0, End: 1729893600.0, Type: Schedule, Category: work for user 1c064242976c4971a6b8fcdc7515b5ec
2025-01-21 19:26:06,514 - scripts.scraper - DEBUG - Scraped shift: Date: 2024-10-27, Start: 1730048400.0, End: 1730068200.0, Type: Schedule, Category: work for user 1c064242976c4971a6b8fcdc7515b5ec
2025-01-21 19:26:07,496 - scripts.scraper - DEBUG - Scraped shift: Date: 2024-10-30, Start: 1730311200.0, End: 1730329200.0, Type: Schedule, Category: work for user 1c064242976c4971a6b8fcdc7515b5ec
2025-01-21 19:26:07,496 - scripts.scraper - DEBUG - Scraped shift: Date: 2024-11-01, Start: 1730462400.0, End: 1730484000.0, Type: Schedule, Category: work for user 1c064242976c4971a6b8fcdc7515b5ec
2025-01-21 19:26:07,496 - scripts.scraper - DEBUG - Scraped shift: Date: 2024-11-02, Start: 1730559600.0, End: 1730581200.0, Type: Schedule, Category: work for user 1c064242976c4971a6b8fcdc7515b5ec
2025-01-21 19:26:07,496 - scripts.scraper - DEBUG - ['', 'HOL', '(APPR)', '', '', '', '']
2025-01-21 19:26:07,496 - scripts.scraper - DEBUG - Scraped shift: Date: 2024-11-03, Start: 0, End: 0, Type: Schedule, Category: holiday for user 1c064242976c4971a6b8fcdc7515b5ec
2025-01-21 19:26:08,455 - scripts.scraper - DEBUG - ['', 'HOL', '(APPR)', '', '', '', '']
2025-01-21 19:26:08,456 - scripts.scraper - DEBUG - Scraped shift: Date: 2024-11-04, Start: 0, End: 0, Type: Schedule, Category: holiday for user 1c064242976c4971a6b8fcdc7515b5ec
2025-01-21 19:26:08,456 - scripts.scraper - DEBUG - Scraped shift: Date: 2024-11-05, Start: 1730797200.0, End: 1730818800.0, Type: Schedule, Category: work for user 1c064242976c4971a6b8fcdc7515b5ec
2025-01-21 19:26:08,456 - scripts.scraper - DEBUG - Scraped shift: Date: 2024-11-06, Start: 1730912400.0, End: 1730934000.0, Type: Schedule, Category: work for user 1c064242976c4971a6b8fcdc7515b5ec
2025-01-21 19:26:08,456 - scripts.scraper - DEBUG - Scraped shift: Date: 2024-11-07, Start: 1730998800.0, End: 1731024000.0, Type: Schedule, Category: work for user 1c064242976c4971a6b8fcdc7515b5ec
2025-01-21 19:26:08,456 - scripts.scraper - DEBUG - Scraped shift: Date: 2024-11-08, Start: 1731085200.0, End: 1731106800.0, Type: Schedule, Category: work for user 1c064242976c4971a6b8fcdc7515b5ec
2025-01-21 19:26:08,456 - scripts.scraper - DEBUG - Scraped shift: Date: 2024-11-09, Start: 1731175200.0, End: 1731193200.0, Type: Schedule, Category: work for user 1c064242976c4971a6b8fcdc7515b5ec
2025-01-21 19:26:08,456 - scripts.scraper - DEBUG - Scraped shift: Date: 2024-11-10, Start: 1731254400.0, End: 1731279600.0, Type: Schedule, Category: work for user 1c064242976c4971a6b8fcdc7515b5ec
2025-01-21 19:26:09,487 - scripts.scraper - DEBUG - Scraped shift: Date: 2024-11-11, Start: 1731348000.0, End: 1731369600.0, Type: Schedule, Category: work for user 1c064242976c4971a6b8fcdc7515b5ec
2025-01-21 19:26:09,487 - scripts.scraper - DEBUG - Scraped shift: Date: 2024-11-12, Start: 1731430800.0, End: 1731450600.0, Type: Schedule, Category: work for user 1c064242976c4971a6b8fcdc7515b5ec
2025-01-21 19:26:09,487 - scripts.scraper - DEBUG - Scraped shift: Date: 2024-11-13, Start: 1731517200.0, End: 1731538800.0, Type: Schedule, Category: work for user 1c064242976c4971a6b8fcdc7515b5ec
2025-01-21 19:26:09,488 - scripts.scraper - DEBUG - Scraped shift: Date: 2024-11-17, Start: 1731859200.0, End: 1731884400.0, Type: Schedule, Category: work for user 1c064242976c4971a6b8fcdc7515b5ec
2025-01-21 19:26:10,530 - scripts.scraper - DEBUG - Scraped shift: Date: 2024-11-18, Start: 1731952800.0, End: 1731974400.0, Type: Schedule, Category: work for user 1c064242976c4971a6b8fcdc7515b5ec
2025-01-21 19:26:10,530 - scripts.scraper - DEBUG - Scraped shift: Date: 2024-11-22, Start: 1732258800.0, End: 1732262400.0, Type: Schedule, Category: work for user 1c064242976c4971a6b8fcdc7515b5ec
2025-01-21 19:26:10,530 - scripts.scraper - DEBUG - Scraped shift: Date: 2024-11-23, Start: 1732359600.0, End: 1732363200.0, Type: Schedule, Category: work for user 1c064242976c4971a6b8fcdc7515b5ec
2025-01-21 19:26:10,530 - scripts.scraper - DEBUG - Scraped shift: Date: 2024-11-24, Start: 1732464000.0, End: 1732489200.0, Type: Schedule, Category: work for user 1c064242976c4971a6b8fcdc7515b5ec
2025-01-21 19:26:11,505 - scripts.scraper - DEBUG - Scraped shift: Date: 2024-11-26, Start: 1732640400.0, End: 1732662000.0, Type: Schedule, Category: work for user 1c064242976c4971a6b8fcdc7515b5ec
2025-01-21 19:26:11,506 - scripts.scraper - DEBUG - Scraped shift: Date: 2024-11-29, Start: 1732863600.0, End: 1732892400.0, Type: Schedule, Category: work for user 1c064242976c4971a6b8fcdc7515b5ec
2025-01-21 19:26:11,506 - scripts.scraper - DEBUG - Scraped shift: Date: 2024-11-30, Start: 1732982400.0, End: 1733007600.0, Type: Schedule, Category: work for user 1c064242976c4971a6b8fcdc7515b5ec
2025-01-21 19:26:12,485 - scripts.scraper - DEBUG - Scraped shift: Date: 2024-12-02, Start: 1733158800.0, End: 1733184000.0, Type: Schedule, Category: work for user 1c064242976c4971a6b8fcdc7515b5ec
2025-01-21 19:26:12,485 - scripts.scraper - DEBUG - Scraped shift: Date: 2024-12-04, Start: 1733331600.0, End: 1733353200.0, Type: Schedule, Category: work for user 1c064242976c4971a6b8fcdc7515b5ec
2025-01-21 19:26:12,485 - scripts.scraper - DEBUG - Scraped shift: Date: 2024-12-06, Start: 1733490000.0, End: 1733515200.0, Type: Schedule, Category: work for user 1c064242976c4971a6b8fcdc7515b5ec
2025-01-21 19:26:13,441 - scripts.scraper - DEBUG - Scraped shift: Date: 2024-12-10, Start: 1733846400.0, End: 1733871600.0, Type: Schedule, Category: work for user 1c064242976c4971a6b8fcdc7515b5ec
2025-01-21 19:26:13,441 - scripts.scraper - DEBUG - Scraped shift: Date: 2024-12-13, Start: 1734073200.0, End: 1734105600.0, Type: Schedule, Category: work for user 1c064242976c4971a6b8fcdc7515b5ec
2025-01-21 19:26:14,389 - scripts.scraper - DEBUG - Scraped shift: Date: 2024-12-17, Start: 1734454800.0, End: 1734476400.0, Type: Schedule, Category: work for user 1c064242976c4971a6b8fcdc7515b5ec
2025-01-21 19:26:14,389 - scripts.scraper - DEBUG - Scraped shift: Date: 2024-12-18, Start: 1734541200.0, End: 1734562800.0, Type: Schedule, Category: work for user 1c064242976c4971a6b8fcdc7515b5ec
2025-01-21 19:26:14,390 - scripts.scraper - DEBUG - Scraped shift: Date: 2024-12-20, Start: 1734692400.0, End: 1734724800.0, Type: Schedule, Category: work for user 1c064242976c4971a6b8fcdc7515b5ec
2025-01-21 19:26:14,390 - scripts.scraper - DEBUG - Scraped shift: Date: 2024-12-21, Start: 1734764400.0, End: 1734796800.0, Type: Schedule, Category: work for user 1c064242976c4971a6b8fcdc7515b5ec
2025-01-21 19:26:14,390 - scripts.scraper - DEBUG - Scraped shift: Date: 2024-12-22, Start: 1734883200.0, End: 1734908400.0, Type: Schedule, Category: work for user 1c064242976c4971a6b8fcdc7515b5ec
2025-01-21 19:26:15,377 - scripts.scraper - DEBUG - Scraped shift: Date: 2024-12-23, Start: 1734969600.0, End: 1734998400.0, Type: Schedule, Category: work for user 1c064242976c4971a6b8fcdc7515b5ec
2025-01-21 19:26:15,377 - scripts.scraper - DEBUG - Scraped shift: Date: 2024-12-26, Start: 1735214400.0, End: 1735236000.0, Type: Schedule, Category: work for user 1c064242976c4971a6b8fcdc7515b5ec
2025-01-21 19:26:15,377 - scripts.scraper - DEBUG - Scraped shift: Date: 2024-12-27, Start: 1735315200.0, End: 1735344000.0, Type: Schedule, Category: work for user 1c064242976c4971a6b8fcdc7515b5ec
2025-01-21 19:26:15,377 - scripts.scraper - DEBUG - Scraped shift: Date: 2024-12-28, Start: 1735390800.0, End: 1735412400.0, Type: Schedule, Category: work for user 1c064242976c4971a6b8fcdc7515b5ec
2025-01-21 19:26:15,377 - scripts.scraper - DEBUG - Scraped shift: Date: 2024-12-29, Start: 1735491600.0, End: 1735513200.0, Type: Schedule, Category: work for user 1c064242976c4971a6b8fcdc7515b5ec
2025-01-21 19:26:16,344 - scripts.scraper - DEBUG - Scraped shift: Date: 2024-12-30, Start: 1735560000.0, End: 1735592400.0, Type: Schedule, Category: work for user 1c064242976c4971a6b8fcdc7515b5ec
2025-01-21 19:26:16,344 - scripts.scraper - DEBUG - Scraped shift: Date: 2024-12-31, Start: 1735660800.0, End: 1735678800.0, Type: Schedule, Category: work for user 1c064242976c4971a6b8fcdc7515b5ec
2025-01-21 19:26:16,344 - scripts.scraper - DEBUG - Scraped shift: Date: 2025-01-01, Start: 1735747200.0, End: 1735772400.0, Type: Schedule, Category: work for user 1c064242976c4971a6b8fcdc7515b5ec
2025-01-21 19:26:16,344 - scripts.scraper - DEBUG - Scraped shift: Date: 2025-01-03, Start: 1735887600.0, End: 1735916400.0, Type: Schedule, Category: work for user 1c064242976c4971a6b8fcdc7515b5ec
2025-01-21 19:26:16,344 - scripts.scraper - DEBUG - Scraped shift: Date: 2025-01-04, Start: 1735974000.0, End: 1736006400.0, Type: Schedule, Category: work for user 1c064242976c4971a6b8fcdc7515b5ec
2025-01-21 19:26:17,326 - scripts.scraper - DEBUG - ['', 'HOL', '(APPR)', '', '', '', '']
2025-01-21 19:26:17,326 - scripts.scraper - DEBUG - Scraped shift: Date: 2025-01-06, Start: 0, End: 0, Type: Schedule, Category: holiday for user 1c064242976c4971a6b8fcdc7515b5ec
2025-01-21 19:26:17,327 - scripts.scraper - DEBUG - Scraped shift: Date: 2025-01-10, Start: 1736496000.0, End: 1736517600.0, Type: Schedule, Category: work for user 1c064242976c4971a6b8fcdc7515b5ec
2025-01-21 19:26:17,327 - scripts.scraper - DEBUG - Scraped shift: Date: 2025-01-12, Start: 1736704800.0, End: 1736721000.0, Type: Schedule, Category: work for user 1c064242976c4971a6b8fcdc7515b5ec
2025-01-21 19:26:18,280 - scripts.scraper - DEBUG - ['', 'HOL', '(APPR)', '', '', '', '']
2025-01-21 19:26:18,281 - scripts.scraper - DEBUG - Scraped shift: Date: 2025-01-13, Start: 0, End: 0, Type: Schedule, Category: holiday for user 1c064242976c4971a6b8fcdc7515b5ec
2025-01-21 19:26:18,281 - scripts.scraper - DEBUG - ['', 'HOL', '(APPR)', '', '', '', '']
2025-01-21 19:26:18,281 - scripts.scraper - DEBUG - Scraped shift: Date: 2025-01-14, Start: 0, End: 0, Type: Schedule, Category: holiday for user 1c064242976c4971a6b8fcdc7515b5ec
2025-01-21 19:26:18,281 - scripts.scraper - DEBUG - Scraped shift: Date: 2025-01-15, Start: 1736929800.0, End: 1736946000.0, Type: Schedule, Category: work for user 1c064242976c4971a6b8fcdc7515b5ec
2025-01-21 19:26:18,281 - scripts.scraper - DEBUG - Scraped shift: Date: 2025-01-18, Start: 1737221400.0, End: 1737239400.0, Type: Schedule, Category: work for user 1c064242976c4971a6b8fcdc7515b5ec
2025-01-21 19:26:19,281 - scripts.scraper - DEBUG - ['', 'HOL', '(APPR)', '', '', '', '']
2025-01-21 19:26:19,281 - scripts.scraper - DEBUG - Scraped shift: Date: 2025-01-20, Start: 0, End: 0, Type: Schedule, Category: holiday for user 1c064242976c4971a6b8fcdc7515b5ec
2025-01-21 19:26:19,281 - scripts.scraper - DEBUG - ['', 'HOL', '(APPR)', '', '', '', '']
2025-01-21 19:26:19,281 - scripts.scraper - DEBUG - Scraped shift: Date: 2025-01-21, Start: 0, End: 0, Type: Schedule, Category: holiday for user 1c064242976c4971a6b8fcdc7515b5ec
2025-01-21 19:26:19,281 - scripts.scraper - DEBUG - Scraped shift: Date: 2025-01-23, Start: 1737655200.0, End: 1737676800.0, Type: Schedule, Category: work for user 1c064242976c4971a6b8fcdc7515b5ec
2025-01-21 19:26:19,281 - scripts.scraper - DEBUG - Scraped shift: Date: 2025-01-25, Start: 1737820800.0, End: 1737844200.0, Type: Schedule, Category: work for user 1c064242976c4971a6b8fcdc7515b5ec
2025-01-21 19:26:19,282 - scripts.scraper - DEBUG - Scraped shift: Date: 2025-01-26, Start: 1737910800.0, End: 1737930600.0, Type: Schedule, Category: work for user 1c064242976c4971a6b8fcdc7515b5ec
2025-01-21 19:26:20,240 - scripts.scraper - DEBUG - ['', 'HOL', '(APPR)', '', '', '', '']
2025-01-21 19:26:20,240 - scripts.scraper - DEBUG - Scraped shift: Date: 2025-01-27, Start: 0, End: 0, Type: Schedule, Category: holiday for user 1c064242976c4971a6b8fcdc7515b5ec
2025-01-21 19:26:20,240 - scripts.scraper - DEBUG - ['', 'HOL', '(APPR)', '', '', '', '']
2025-01-21 19:26:20,240 - scripts.scraper - DEBUG - Scraped shift: Date: 2025-01-28, Start: 0, End: 0, Type: Schedule, Category: holiday for user 1c064242976c4971a6b8fcdc7515b5ec
2025-01-21 19:26:20,240 - scripts.scraper - DEBUG - Scraped shift: Date: 2025-02-01, Start: 1738400400.0, End: 1738418400.0, Type: Schedule, Category: work for user 1c064242976c4971a6b8fcdc7515b5ec
2025-01-21 19:26:22,248 - scripts.scraper - INFO - Scraped 98 shifts for user 1c064242976c4971a6b8fcdc7515b5ec
2025-01-21 19:26:32,124 - scripts.scraper - DEBUG - Scraped shift: Date: 2024-07-08, Start: 1720425900.0, End: 1720446420.0, Type: Timecard, Category: work for user 1c064242976c4971a6b8fcdc7515b5ec
2025-01-21 19:26:32,124 - scripts.scraper - DEBUG - Scraped shift: Date: 2024-07-09, Start: 1720524300.0, End: 1720541400.0, Type: Timecard, Category: work for user 1c064242976c4971a6b8fcdc7515b5ec
2025-01-21 19:26:32,124 - scripts.scraper - DEBUG - Scraped shift: Date: 2024-07-14, Start: 1720944120.0, End: 1720965480.0, Type: Timecard, Category: work for user 1c064242976c4971a6b8fcdc7515b5ec
2025-01-21 19:26:33,086 - scripts.scraper - DEBUG - Scraped shift: Date: 2024-07-15, Start: 1721058900.0, End: 1721082060.0, Type: Timecard, Category: work for user 1c064242976c4971a6b8fcdc7515b5ec
2025-01-21 19:26:33,087 - scripts.scraper - DEBUG - Scraped shift: Date: 2024-07-21, Start: 1721579760.0, End: 1721599080.0, Type: Timecard, Category: work for user 1c064242976c4971a6b8fcdc7515b5ec
2025-01-21 19:26:34,077 - scripts.scraper - DEBUG - Scraped shift: Date: 2024-07-25, Start: 1721901540.0, End: 1721923740.0, Type: Timecard, Category: work for user 1c064242976c4971a6b8fcdc7515b5ec
2025-01-21 19:26:34,078 - scripts.scraper - DEBUG - Scraped shift: Date: 2024-07-27, Start: 1722091620.0, End: 1722110760.0, Type: Timecard, Category: work for user 1c064242976c4971a6b8fcdc7515b5ec
2025-01-21 19:26:35,088 - scripts.scraper - DEBUG - Scraped shift: Date: 2024-07-29, Start: 1722253260.0, End: 1722273000.0, Type: Timecard, Category: work for user 1c064242976c4971a6b8fcdc7515b5ec
2025-01-21 19:26:35,088 - scripts.scraper - DEBUG - Scraped shift: Date: 2024-08-02, Start: 1722614400.0, End: 1722636120.0, Type: Timecard, Category: work for user 1c064242976c4971a6b8fcdc7515b5ec
2025-01-21 19:26:35,088 - scripts.scraper - DEBUG - Scraped shift: Date: 2024-08-04, Start: 1722783360.0, End: 1722806580.0, Type: Timecard, Category: work for user 1c064242976c4971a6b8fcdc7515b5ec
2025-01-21 19:26:36,057 - scripts.scraper - DEBUG - Scraped shift: Date: 2024-08-05, Start: 1722855300.0, End: 1722878040.0, Type: Timecard, Category: work for user 1c064242976c4971a6b8fcdc7515b5ec
2025-01-21 19:26:36,057 - scripts.scraper - DEBUG - Scraped shift: Date: 2024-08-06, Start: 1722930900.0, End: 1722946200.0, Type: Timecard, Category: work for user 1c064242976c4971a6b8fcdc7515b5ec
2025-01-21 19:26:36,057 - scripts.scraper - DEBUG - Scraped shift: Date: 2024-08-10, Start: 1723272480.0, End: 1723295820.0, Type: Timecard, Category: work for user 1c064242976c4971a6b8fcdc7515b5ec
2025-01-21 19:26:36,057 - scripts.scraper - DEBUG - Scraped shift: Date: 2024-08-11, Start: 1723359120.0, End: 1723384980.0, Type: Timecard, Category: work for user 1c064242976c4971a6b8fcdc7515b5ec
2025-01-21 19:26:37,021 - scripts.scraper - DEBUG - Scraped shift: Date: 2024-08-12, Start: 1723471140.0, End: 1723499580.0, Type: Timecard, Category: work for user 1c064242976c4971a6b8fcdc7515b5ec
2025-01-21 19:26:37,022 - scripts.scraper - DEBUG - Scraped shift: Date: 2024-08-15, Start: 1723712280.0, End: 1723741800.0, Type: Timecard, Category: work for user 1c064242976c4971a6b8fcdc7515b5ec
2025-01-21 19:26:37,985 - scripts.scraper - DEBUG - Scraped shift: Date: 2024-08-19, Start: 1724066220.0, End: 1724086500.0, Type: Timecard, Category: work for user 1c064242976c4971a6b8fcdc7515b5ec
2025-01-21 19:26:37,986 - scripts.scraper - DEBUG - Scraped shift: Date: 2024-08-22, Start: 1724345760.0, End: 1724366280.0, Type: Timecard, Category: work for user 1c064242976c4971a6b8fcdc7515b5ec
2025-01-21 19:26:37,986 - scripts.scraper - DEBUG - Scraped shift: Date: 2024-08-24, Start: 1724514720.0, End: 1724536860.0, Type: Timecard, Category: work for user 1c064242976c4971a6b8fcdc7515b5ec
2025-01-21 19:26:38,943 - scripts.scraper - DEBUG - Scraped shift: Date: 2024-08-27, Start: 1724774640.0, End: 1724796840.0, Type: Timecard, Category: work for user 1c064242976c4971a6b8fcdc7515b5ec
2025-01-21 19:26:38,943 - scripts.scraper - DEBUG - Scraped shift: Date: 2024-08-30, Start: 1724972400.0, End: 1724972400.0, Type: Timecard, Category: work for user 1c064242976c4971a6b8fcdc7515b5ec
2025-01-21 19:26:39,892 - scripts.scraper - DEBUG - Scraped shift: Date: 2024-09-05, Start: 1725548460.0, End: 1725576960.0, Type: Timecard, Category: work for user 1c064242976c4971a6b8fcdc7515b5ec
2025-01-21 19:26:39,892 - scripts.scraper - DEBUG - Scraped shift: Date: 2024-09-08, Start: 1725807300.0, End: 1725831600.0, Type: Timecard, Category: work for user 1c064242976c4971a6b8fcdc7515b5ec
2025-01-21 19:26:40,850 - scripts.scraper - DEBUG - Scraped shift: Date: 2024-09-09, Start: 1725894420.0, End: 1725918840.0, Type: Timecard, Category: work for user 1c064242976c4971a6b8fcdc7515b5ec
2025-01-21 19:26:40,850 - scripts.scraper - DEBUG - Scraped shift: Date: 2024-09-13, Start: 1726246860.0, End: 1726250580.0, Type: Timecard, Category: work for user 1c064242976c4971a6b8fcdc7515b5ec
2025-01-21 19:26:41,813 - scripts.scraper - DEBUG - Scraped shift: Date: 2024-09-17, Start: 1726591920.0, End: 1726608960.0, Type: Timecard, Category: work for user 1c064242976c4971a6b8fcdc7515b5ec
2025-01-21 19:26:41,814 - scripts.scraper - DEBUG - Scraped shift: Date: 2024-09-20, Start: 1726850940.0, End: 1726868160.0, Type: Timecard, Category: work for user 1c064242976c4971a6b8fcdc7515b5ec
2025-01-21 19:26:41,814 - scripts.scraper - DEBUG - Scraped shift: Date: 2024-09-22, Start: 1727023500.0, End: 1727041380.0, Type: Timecard, Category: work for user 1c064242976c4971a6b8fcdc7515b5ec
2025-01-21 19:26:42,790 - scripts.scraper - DEBUG - Scraped shift: Date: 2024-09-24, Start: 1727193600.0, End: 1727213400.0, Type: Timecard, Category: work for user 1c064242976c4971a6b8fcdc7515b5ec
2025-01-21 19:26:42,790 - scripts.scraper - DEBUG - Scraped shift: Date: 2024-09-28, Start: 1727531520.0, End: 1727553780.0, Type: Timecard, Category: work for user 1c064242976c4971a6b8fcdc7515b5ec
2025-01-21 19:26:43,756 - scripts.scraper - DEBUG - Scraped shift: Date: 2024-09-30, Start: 1727712180.0, End: 1727732100.0, Type: Timecard, Category: work for user 1c064242976c4971a6b8fcdc7515b5ec
2025-01-21 19:26:43,756 - scripts.scraper - DEBUG - Scraped shift: Date: 2024-10-05, Start: 1728117000.0, End: 1728121500.0, Type: Timecard, Category: work for user 1c064242976c4971a6b8fcdc7515b5ec
2025-01-21 19:26:43,756 - scripts.scraper - DEBUG - Scraped shift: Date: 2024-10-06, Start: 1728232020.0, End: 1728250560.0, Type: Timecard, Category: work for user 1c064242976c4971a6b8fcdc7515b5ec
2025-01-21 19:26:45,254 - scripts.scraper - DEBUG - Scraped shift: Date: 2024-10-09, Start: 1728489960.0, End: 1728509880.0, Type: Timecard, Category: work for user 1c064242976c4971a6b8fcdc7515b5ec
2025-01-21 19:26:45,255 - scripts.scraper - DEBUG - Scraped shift: Date: 2024-10-13, Start: 1728840060.0, End: 1728854880.0, Type: Timecard, Category: work for user 1c064242976c4971a6b8fcdc7515b5ec
2025-01-21 19:26:46,284 - scripts.scraper - DEBUG - Scraped shift: Date: 2024-10-15, Start: 1729010460.0, End: 1729029780.0, Type: Timecard, Category: work for user 1c064242976c4971a6b8fcdc7515b5ec
2025-01-21 19:26:46,284 - scripts.scraper - DEBUG - Scraped shift: Date: 2024-10-20, Start: 1729439220.0, End: 1729460400.0, Type: Timecard, Category: work for user 1c064242976c4971a6b8fcdc7515b5ec
2025-01-21 19:26:47,251 - scripts.scraper - DEBUG - Scraped shift: Date: 2024-10-21, Start: 1729526760.0, End: 1729546860.0, Type: Timecard, Category: work for user 1c064242976c4971a6b8fcdc7515b5ec
2025-01-21 19:26:47,252 - scripts.scraper - DEBUG - Scraped shift: Date: 2024-10-23, Start: 1729703160.0, End: 1729721220.0, Type: Timecard, Category: work for user 1c064242976c4971a6b8fcdc7515b5ec
2025-01-21 19:26:47,252 - scripts.scraper - DEBUG - Scraped shift: Date: 2024-10-25, Start: 1729871820.0, End: 1729893900.0, Type: Timecard, Category: work for user 1c064242976c4971a6b8fcdc7515b5ec
2025-01-21 19:26:47,252 - scripts.scraper - DEBUG - Scraped shift: Date: 2024-10-27, Start: 1730047980.0, End: 1730068440.0, Type: Timecard, Category: work for user 1c064242976c4971a6b8fcdc7515b5ec
2025-01-21 19:26:48,313 - scripts.scraper - DEBUG - Scraped shift: Date: 2024-10-30, Start: 1730311500.0, End: 1730329500.0, Type: Timecard, Category: work for user 1c064242976c4971a6b8fcdc7515b5ec
2025-01-21 19:26:48,313 - scripts.scraper - DEBUG - Scraped shift: Date: 2024-11-01, Start: 1730462340.0, End: 1730485740.0, Type: Timecard, Category: work for user 1c064242976c4971a6b8fcdc7515b5ec
2025-01-21 19:26:48,313 - scripts.scraper - DEBUG - Scraped shift: Date: 2024-11-02, Start: 1730552400.0, End: 1730581500.0, Type: Timecard, Category: work for user 1c064242976c4971a6b8fcdc7515b5ec
2025-01-21 19:26:48,313 - scripts.scraper - DEBUG - ['', 'HOL', '(APPR)', '', '', '', '']
2025-01-21 19:26:48,313 - scripts.scraper - DEBUG - Scraped shift: Date: 2024-11-03, Start: 0, End: 0, Type: Timecard, Category: holiday for user 1c064242976c4971a6b8fcdc7515b5ec
2025-01-21 19:26:49,283 - scripts.scraper - DEBUG - ['', 'HOL', '(APPR)', '', '', '', '']
2025-01-21 19:26:49,283 - scripts.scraper - DEBUG - Scraped shift: Date: 2024-11-04, Start: 0, End: 0, Type: Timecard, Category: holiday for user 1c064242976c4971a6b8fcdc7515b5ec
2025-01-21 19:26:49,284 - scripts.scraper - DEBUG - Scraped shift: Date: 2024-11-05, Start: 1730796660.0, End: 1730818740.0, Type: Timecard, Category: work for user 1c064242976c4971a6b8fcdc7515b5ec
2025-01-21 19:26:49,284 - scripts.scraper - DEBUG - Scraped shift: Date: 2024-11-06, Start: 1730912100.0, End: 1730936460.0, Type: Timecard, Category: work for user 1c064242976c4971a6b8fcdc7515b5ec
2025-01-21 19:26:49,284 - scripts.scraper - DEBUG - Scraped shift: Date: 2024-11-07, Start: 1730997180.0, End: 1731027480.0, Type: Timecard, Category: work for user 1c064242976c4971a6b8fcdc7515b5ec
2025-01-21 19:26:49,284 - scripts.scraper - DEBUG - Scraped shift: Date: 2024-11-08, Start: 1731085080.0, End: 1731109140.0, Type: Timecard, Category: work for user 1c064242976c4971a6b8fcdc7515b5ec
2025-01-21 19:26:49,284 - scripts.scraper - DEBUG - Scraped shift: Date: 2024-11-09, Start: 1731174840.0, End: 1731193380.0, Type: Timecard, Category: work for user 1c064242976c4971a6b8fcdc7515b5ec
2025-01-21 19:26:49,284 - scripts.scraper - DEBUG - Scraped shift: Date: 2024-11-10, Start: 1731252120.0, End: 1731278580.0, Type: Timecard, Category: work for user 1c064242976c4971a6b8fcdc7515b5ec
2025-01-21 19:26:50,240 - scripts.scraper - DEBUG - Scraped shift: Date: 2024-11-11, Start: 1731347280.0, End: 1731369540.0, Type: Timecard, Category: work for user 1c064242976c4971a6b8fcdc7515b5ec
2025-01-21 19:26:50,240 - scripts.scraper - DEBUG - Scraped shift: Date: 2024-11-12, Start: 1731431580.0, End: 1731452100.0, Type: Timecard, Category: work for user 1c064242976c4971a6b8fcdc7515b5ec
2025-01-21 19:26:50,240 - scripts.scraper - DEBUG - Scraped shift: Date: 2024-11-13, Start: 1731517980.0, End: 1731539400.0, Type: Timecard, Category: work for user 1c064242976c4971a6b8fcdc7515b5ec
2025-01-21 19:26:50,240 - scripts.scraper - DEBUG - Scraped shift: Date: 2024-11-17, Start: 1731859080.0, End: 1731882180.0, Type: Timecard, Category: work for user 1c064242976c4971a6b8fcdc7515b5ec
2025-01-21 19:26:51,196 - scripts.scraper - DEBUG - Scraped shift: Date: 2024-11-18, Start: 1731952920.0, End: 1731974280.0, Type: Timecard, Category: work for user 1c064242976c4971a6b8fcdc7515b5ec
2025-01-21 19:26:51,196 - scripts.scraper - DEBUG - Scraped shift: Date: 2024-11-24, Start: 1732464180.0, End: 1732488420.0, Type: Timecard, Category: work for user 1c064242976c4971a6b8fcdc7515b5ec
2025-01-21 19:26:52,156 - scripts.scraper - DEBUG - Scraped shift: Date: 2024-11-26, Start: 1732640880.0, End: 1732662120.0, Type: Timecard, Category: work for user 1c064242976c4971a6b8fcdc7515b5ec
2025-01-21 19:26:52,157 - scripts.scraper - DEBUG - Scraped shift: Date: 2024-11-29, Start: 1732863900.0, End: 1732893000.0, Type: Timecard, Category: work for user 1c064242976c4971a6b8fcdc7515b5ec
2025-01-21 19:26:52,157 - scripts.scraper - DEBUG - Scraped shift: Date: 2024-11-30, Start: 1732982580.0, End: 1733006880.0, Type: Timecard, Category: work for user 1c064242976c4971a6b8fcdc7515b5ec
2025-01-21 19:26:53,120 - scripts.scraper - DEBUG - Scraped shift: Date: 2024-12-02, Start: 1733158560.0, End: 1733187900.0, Type: Timecard, Category: work for user 1c064242976c4971a6b8fcdc7515b5ec
2025-01-21 19:26:53,120 - scripts.scraper - DEBUG - Scraped shift: Date: 2024-12-04, Start: 1733331540.0, End: 1733355300.0, Type: Timecard, Category: work for user 1c064242976c4971a6b8fcdc7515b5ec
2025-01-21 19:26:53,120 - scripts.scraper - DEBUG - Scraped shift: Date: 2024-12-06, Start: 1733489340.0, End: 1733515200.0, Type: Timecard, Category: work for user 1c064242976c4971a6b8fcdc7515b5ec
2025-01-21 19:26:54,122 - scripts.scraper - DEBUG - Scraped shift: Date: 2024-12-10, Start: 1733846040.0, End: 1733871660.0, Type: Timecard, Category: work for user 1c064242976c4971a6b8fcdc7515b5ec
2025-01-21 19:26:54,122 - scripts.scraper - DEBUG - Scraped shift: Date: 2024-12-13, Start: 1734074160.0, End: 1734105600.0, Type: Timecard, Category: work for user 1c064242976c4971a6b8fcdc7515b5ec
2025-01-21 19:26:55,075 - scripts.scraper - DEBUG - Scraped shift: Date: 2024-12-17, Start: 1734455220.0, End: 1734474600.0, Type: Timecard, Category: work for user 1c064242976c4971a6b8fcdc7515b5ec
2025-01-21 19:26:55,076 - scripts.scraper - DEBUG - Scraped shift: Date: 2024-12-18, Start: 1734541020.0, End: 1734564240.0, Type: Timecard, Category: work for user 1c064242976c4971a6b8fcdc7515b5ec
2025-01-21 19:26:55,076 - scripts.scraper - DEBUG - Scraped shift: Date: 2024-12-20, Start: 1734692340.0, End: 1734724860.0, Type: Timecard, Category: work for user 1c064242976c4971a6b8fcdc7515b5ec
2025-01-21 19:26:55,076 - scripts.scraper - DEBUG - Scraped shift: Date: 2024-12-21, Start: 1734764160.0, End: 1734797580.0, Type: Timecard, Category: work for user 1c064242976c4971a6b8fcdc7515b5ec
2025-01-21 19:26:55,076 - scripts.scraper - DEBUG - Scraped shift: Date: 2024-12-22, Start: 1734881460.0, End: 1734906540.0, Type: Timecard, Category: work for user 1c064242976c4971a6b8fcdc7515b5ec
2025-01-21 19:26:56,033 - scripts.scraper - DEBUG - Scraped shift: Date: 2024-12-23, Start: 1734968880.0, End: 1734999240.0, Type: Timecard, Category: work for user 1c064242976c4971a6b8fcdc7515b5ec
2025-01-21 19:26:56,033 - scripts.scraper - DEBUG - Scraped shift: Date: 2024-12-26, Start: 1735214880.0, End: 1735239600.0, Type: Timecard, Category: work for user 1c064242976c4971a6b8fcdc7515b5ec
2025-01-21 19:26:56,033 - scripts.scraper - DEBUG - Scraped shift: Date: 2024-12-27, Start: 1735315200.0, End: 1735338360.0, Type: Timecard, Category: work for user 1c064242976c4971a6b8fcdc7515b5ec
2025-01-21 19:26:56,033 - scripts.scraper - DEBUG - Scraped shift: Date: 2024-12-28, Start: 1735344000.0, End: 1735344000.0, Type: Timecard, Category: work for user 1c064242976c4971a6b8fcdc7515b5ec
2025-01-21 19:26:56,033 - scripts.scraper - DEBUG - Scraped shift: Date: 2024-12-29, Start: 1735491540.0, End: 1735513320.0, Type: Timecard, Category: work for user 1c064242976c4971a6b8fcdc7515b5ec
2025-01-21 19:26:57,002 - scripts.scraper - DEBUG - Scraped shift: Date: 2024-12-30, Start: 1735559760.0, End: 1735592100.0, Type: Timecard, Category: work for user 1c064242976c4971a6b8fcdc7515b5ec
2025-01-21 19:26:57,002 - scripts.scraper - DEBUG - Scraped shift: Date: 2024-12-31, Start: 1735661160.0, End: 1735678380.0, Type: Timecard, Category: work for user 1c064242976c4971a6b8fcdc7515b5ec
2025-01-21 19:26:57,004 - scripts.scraper - DEBUG - Scraped shift: Date: 2025-01-01, Start: 1735747260.0, End: 1735770120.0, Type: Timecard, Category: work for user 1c064242976c4971a6b8fcdc7515b5ec
2025-01-21 19:26:57,004 - scripts.scraper - DEBUG - Scraped shift: Date: 2025-01-03, Start: 1735887600.0, End: 1735919160.0, Type: Timecard, Category: work for user 1c064242976c4971a6b8fcdc7515b5ec
2025-01-21 19:26:57,004 - scripts.scraper - DEBUG - Scraped shift: Date: 2025-01-04, Start: 1735974720.0, End: 1735993200.0, Type: Timecard, Category: work for user 1c064242976c4971a6b8fcdc7515b5ec
2025-01-21 19:26:57,964 - scripts.scraper - DEBUG - ['', 'HOL', '(APPR)', '', '', '', '']
2025-01-21 19:26:57,964 - scripts.scraper - DEBUG - Scraped shift: Date: 2025-01-06, Start: 0, End: 0, Type: Timecard, Category: holiday for user 1c064242976c4971a6b8fcdc7515b5ec
2025-01-21 19:26:57,964 - scripts.scraper - DEBUG - Scraped shift: Date: 2025-01-10, Start: 1736496000.0, End: 1736518560.0, Type: Timecard, Category: work for user 1c064242976c4971a6b8fcdc7515b5ec
2025-01-21 19:26:57,964 - scripts.scraper - DEBUG - Scraped shift: Date: 2025-01-12, Start: 1736705040.0, End: 1736721720.0, Type: Timecard, Category: work for user 1c064242976c4971a6b8fcdc7515b5ec
2025-01-21 19:26:58,925 - scripts.scraper - DEBUG - ['', 'HOL', '(APPR)', '', '', '', '']
2025-01-21 19:26:58,925 - scripts.scraper - DEBUG - Scraped shift: Date: 2025-01-13, Start: 0, End: 0, Type: Timecard, Category: holiday for user 1c064242976c4971a6b8fcdc7515b5ec
2025-01-21 19:26:58,925 - scripts.scraper - DEBUG - ['', 'HOL', '(APPR)', '', '', '', '']
2025-01-21 19:26:58,925 - scripts.scraper - DEBUG - Scraped shift: Date: 2025-01-14, Start: 0, End: 0, Type: Timecard, Category: holiday for user 1c064242976c4971a6b8fcdc7515b5ec
2025-01-21 19:26:58,926 - scripts.scraper - DEBUG - Scraped shift: Date: 2025-01-15, Start: 1736929800.0, End: 1736946000.0, Type: Timecard, Category: work for user 1c064242976c4971a6b8fcdc7515b5ec
2025-01-21 19:26:58,926 - scripts.scraper - DEBUG - Scraped shift: Date: 2025-01-18, Start: 1737221520.0, End: 1737240900.0, Type: Timecard, Category: work for user 1c064242976c4971a6b8fcdc7515b5ec
2025-01-21 19:27:02,786 - scripts.scraper - INFO - Scraped 88 shifts for user 1c064242976c4971a6b8fcdc7515b5ec
2025-01-21 19:27:05,695 - scripts.scraper - DEBUG - Connection closed to database dbfinance
2025-01-21 19:27:05,717 - scripts.scraper - DEBUG - Connection made to database dbfinance
2025-01-21 19:27:08,912 - scripts.scraper - DEBUG - Connection closed to database dbfinance
2025-01-21 19:27:08,993 - scripts.scraper - DEBUG - Connection made to database dbfinance
2025-01-21 19:27:10,510 - scripts.scraper - DEBUG - Connection closed to database dbfinance
2025-01-21 19:27:10,972 - scripts.scraper - DEBUG - Browser closed for user 1c064242976c4971a6b8fcdc7515b5ec
2025-01-21 19:27:10,972 - scripts.scraper - INFO - Finished scraping shifts for user 1c064242976c4971a6b8fcdc7515b5ec
2025-02-08 19:38:07,664 - asyncio - DEBUG - Using selector: EpollSelector
2025-02-08 19:38:07,889 - __main__ - INFO - Scraping shifts for all users
2025-02-08 19:38:07,948 - scripts.scraper - DEBUG - Connection made to database dbfinance
2025-02-08 19:38:07,979 - scripts.scraper - DEBUG - Connection closed to database dbfinance
2025-02-08 19:38:08,532 - scripts.scraper - DEBUG - Browser opened for user 1c064242976c4971a6b8fcdc7515b5ec
2025-02-08 19:38:08,590 - scripts.scraper - DEBUG - Connection made to database dbfinance
2025-02-08 19:38:10,923 - scripts.scraper - DEBUG - Connection closed to database dbfinance
2025-02-08 19:38:10,923 - scripts.scraper - ERROR - Page.goto: Target page, context or browser has been closed
Call log:
navigating to "https://fgp.fiveguys.co.uk/portal.php?site=login&page=login", waiting until "load"
Traceback (most recent call last):
  File "/home/chris/code/personal-finance/worker/scripts/scraper.py", line 553, in scrape_user
    await get_shifts(browser, user)
  File "/home/chris/code/personal-finance/worker/scripts/scraper.py", line 532, in get_shifts
    schedule, start, end = await scrape_shifts(browser, "Schedule", user)
                           ^^^^^^^^^^^^^^^^^^^^^^^^^^^^^^^^^^^^^^^^^^^^^^
  File "/home/chris/code/personal-finance/worker/scripts/scraper.py", line 263, in scrape_shifts
    await page.goto(f"{FGP_BASE_URL}?site=login&page=login")
  File "/home/chris/miniconda3/envs/personal-finance-worker/lib/python3.12/site-packages/playwright/async_api/_generated.py", line 8818, in goto
    await self._impl_obj.goto(
  File "/home/chris/miniconda3/envs/personal-finance-worker/lib/python3.12/site-packages/playwright/_impl/_page.py", line 524, in goto
    return await self._main_frame.goto(**locals_to_params(locals()))
           ^^^^^^^^^^^^^^^^^^^^^^^^^^^^^^^^^^^^^^^^^^^^^^^^^^^^^^^^^
  File "/home/chris/miniconda3/envs/personal-finance-worker/lib/python3.12/site-packages/playwright/_impl/_frame.py", line 145, in goto
    await self._channel.send("goto", locals_to_params(locals()))
  File "/home/chris/miniconda3/envs/personal-finance-worker/lib/python3.12/site-packages/playwright/_impl/_connection.py", line 59, in send
    return await self._connection.wrap_api_call(
           ^^^^^^^^^^^^^^^^^^^^^^^^^^^^^^^^^^^^^
  File "/home/chris/miniconda3/envs/personal-finance-worker/lib/python3.12/site-packages/playwright/_impl/_connection.py", line 514, in wrap_api_call
    raise rewrite_error(error, f"{parsed_st['apiName']}: {error}") from None
playwright._impl._errors.TargetClosedError: Page.goto: Target page, context or browser has been closed
Call log:
navigating to "https://fgp.fiveguys.co.uk/portal.php?site=login&page=login", waiting until "load"

2025-02-08 19:38:11,277 - scripts.scraper - DEBUG - Browser closed for user 1c064242976c4971a6b8fcdc7515b5ec
2025-02-08 19:38:11,277 - scripts.scraper - INFO - Finished scraping shifts for user 1c064242976c4971a6b8fcdc7515b5ec
