2025-03-06 14:53:26,586 - asyncio - DEBUG - Using selector: EpollSelector
2025-03-06 14:53:26,587 - asyncio - ERROR - Task exception was never retrieved
future: <Task finished name='Task-2' coro=<Connection.run() done, defined at /home/chris/.cache/pypoetry/virtualenvs/worker-NE5HKn3F-py3.12/lib/python3.12/site-packages/playwright/_impl/_connection.py:272> exception=FileNotFoundError(2, 'No such file or directory')>
Traceback (most recent call last):
  File "/home/chris/.cache/pypoetry/virtualenvs/worker-NE5HKn3F-py3.12/lib/python3.12/site-packages/playwright/_impl/_connection.py", line 279, in run
    await self._transport.connect()
  File "/home/chris/.cache/pypoetry/virtualenvs/worker-NE5HKn3F-py3.12/lib/python3.12/site-packages/playwright/_impl/_transport.py", line 133, in connect
    raise exc
  File "/home/chris/.cache/pypoetry/virtualenvs/worker-NE5HKn3F-py3.12/lib/python3.12/site-packages/playwright/_impl/_transport.py", line 120, in connect
    self._proc = await asyncio.create_subprocess_exec(
                 ^^^^^^^^^^^^^^^^^^^^^^^^^^^^^^^^^^^^^
  File "/home/chris/.pyenv/versions/3.12.7/lib/python3.12/asyncio/subprocess.py", line 224, in create_subprocess_exec
    transport, protocol = await loop.subprocess_exec(
                          ^^^^^^^^^^^^^^^^^^^^^^^^^^^
  File "/home/chris/.pyenv/versions/3.12.7/lib/python3.12/asyncio/base_events.py", line 1743, in subprocess_exec
    transport = await self._make_subprocess_transport(
                ^^^^^^^^^^^^^^^^^^^^^^^^^^^^^^^^^^^^^^
  File "/home/chris/.pyenv/versions/3.12.7/lib/python3.12/asyncio/unix_events.py", line 211, in _make_subprocess_transport
    transp = _UnixSubprocessTransport(self, protocol, args, shell,
             ^^^^^^^^^^^^^^^^^^^^^^^^^^^^^^^^^^^^^^^^^^^^^^^^^^^^^
  File "/home/chris/.pyenv/versions/3.12.7/lib/python3.12/asyncio/base_subprocess.py", line 36, in __init__
    self._start(args=args, shell=shell, stdin=stdin, stdout=stdout,
  File "/home/chris/.pyenv/versions/3.12.7/lib/python3.12/asyncio/unix_events.py", line 820, in _start
    self._proc = subprocess.Popen(
                 ^^^^^^^^^^^^^^^^^
  File "/home/chris/.pyenv/versions/3.12.7/lib/python3.12/subprocess.py", line 1026, in __init__
    self._execute_child(args, executable, preexec_fn, close_fds,
  File "/home/chris/.pyenv/versions/3.12.7/lib/python3.12/subprocess.py", line 1955, in _execute_child
    raise child_exception_type(errno_num, err_msg, err_filename)
FileNotFoundError: [Errno 2] No such file or directory: '/home/chris/.cache/pypoetry/virtualenvs/worker-NE5HKn3F-py3.12/lib/python3.12/site-packages/playwright/driver/node'
2025-03-06 14:54:08,505 - asyncio - DEBUG - Using selector: EpollSelector
2025-03-06 14:54:08,659 - __main__ - INFO - Scraping all for all users
2025-03-06 14:54:08,799 - scripts.scraper - DEBUG - Connection made to database dbfinance
2025-03-06 14:54:08,841 - scripts.scraper - DEBUG - Connection closed to database dbfinance
2025-03-06 14:54:09,261 - __main__ - DEBUG - Browser opened for user 1c064242976c4971a6b8fcdc7515b5ec
2025-03-06 14:54:09,399 - scripts.scraper - DEBUG - Connection made to database dbfinance
2025-03-06 14:54:17,222 - scripts.payslips - DEBUG - Scraped payslip at date 2025-03-07 for user 1c064242976c4971a6b8fcdc7515b5ec
2025-03-06 14:54:17,867 - scripts.payslips - DEBUG - Scraped payslip at date 2025-02-21 for user 1c064242976c4971a6b8fcdc7515b5ec
2025-03-06 14:54:18,558 - scripts.payslips - DEBUG - Scraped payslip at date 2025-02-07 for user 1c064242976c4971a6b8fcdc7515b5ec
2025-03-06 14:54:19,276 - scripts.payslips - DEBUG - Scraped payslip at date 2025-01-24 for user 1c064242976c4971a6b8fcdc7515b5ec
2025-03-06 14:54:19,997 - scripts.payslips - DEBUG - Scraped payslip at date 2025-01-10 for user 1c064242976c4971a6b8fcdc7515b5ec
2025-03-06 14:54:20,659 - scripts.payslips - DEBUG - Scraped payslip at date 2024-12-27 for user 1c064242976c4971a6b8fcdc7515b5ec
2025-03-06 14:54:21,806 - scripts.payslips - DEBUG - Scraped payslip at date 2024-12-13 for user 1c064242976c4971a6b8fcdc7515b5ec
2025-03-06 14:54:22,457 - scripts.payslips - DEBUG - Scraped payslip at date 2024-11-29 for user 1c064242976c4971a6b8fcdc7515b5ec
2025-03-06 14:54:23,119 - scripts.payslips - DEBUG - Scraped payslip at date 2024-11-15 for user 1c064242976c4971a6b8fcdc7515b5ec
2025-03-06 14:54:23,757 - scripts.payslips - DEBUG - Scraped payslip at date 2024-11-01 for user 1c064242976c4971a6b8fcdc7515b5ec
2025-03-06 14:54:24,854 - scripts.payslips - DEBUG - Scraped payslip at date 2024-10-18 for user 1c064242976c4971a6b8fcdc7515b5ec
2025-03-06 14:54:25,476 - scripts.payslips - DEBUG - Scraped payslip at date 2024-10-04 for user 1c064242976c4971a6b8fcdc7515b5ec
2025-03-06 14:54:26,095 - scripts.payslips - DEBUG - Scraped payslip at date 2024-09-20 for user 1c064242976c4971a6b8fcdc7515b5ec
2025-03-06 14:54:26,741 - scripts.payslips - DEBUG - Scraped payslip at date 2024-09-06 for user 1c064242976c4971a6b8fcdc7515b5ec
2025-03-06 14:54:27,858 - scripts.payslips - DEBUG - Scraped payslip at date 2024-08-23 for user 1c064242976c4971a6b8fcdc7515b5ec
2025-03-06 14:54:28,988 - scripts.payslips - DEBUG - Scraped payslip at date 2024-08-09 for user 1c064242976c4971a6b8fcdc7515b5ec
2025-03-06 14:54:30,101 - scripts.payslips - DEBUG - Scraped payslip at date 2024-07-26 for user 1c064242976c4971a6b8fcdc7515b5ec
2025-03-06 14:54:31,231 - scripts.payslips - DEBUG - Scraped payslip at date 2024-07-12 for user 1c064242976c4971a6b8fcdc7515b5ec
2025-03-06 14:54:31,869 - scripts.payslips - DEBUG - Scraped payslip at date 2024-06-28 for user 1c064242976c4971a6b8fcdc7515b5ec
2025-03-06 14:54:32,993 - scripts.payslips - DEBUG - Scraped payslip at date 2024-06-14 for user 1c064242976c4971a6b8fcdc7515b5ec
2025-03-06 14:54:34,113 - scripts.payslips - DEBUG - Scraped payslip at date 2024-05-31 for user 1c064242976c4971a6b8fcdc7515b5ec
2025-03-06 14:54:34,761 - scripts.payslips - DEBUG - Scraped payslip at date 2024-05-17 for user 1c064242976c4971a6b8fcdc7515b5ec
2025-03-06 14:54:35,419 - scripts.payslips - DEBUG - Scraped payslip at date 2024-05-03 for user 1c064242976c4971a6b8fcdc7515b5ec
2025-03-06 14:54:36,060 - scripts.payslips - DEBUG - Scraped payslip at date 2024-04-19 for user 1c064242976c4971a6b8fcdc7515b5ec
2025-03-06 14:54:36,694 - scripts.payslips - DEBUG - Scraped payslip at date 2024-04-05 for user 1c064242976c4971a6b8fcdc7515b5ec
2025-03-06 14:54:37,352 - scripts.payslips - DEBUG - Scraped payslip at date 2024-03-22 for user 1c064242976c4971a6b8fcdc7515b5ec
2025-03-06 14:54:38,002 - scripts.payslips - DEBUG - Scraped payslip at date 2024-03-08 for user 1c064242976c4971a6b8fcdc7515b5ec
2025-03-06 14:54:38,652 - scripts.payslips - DEBUG - Scraped payslip at date 2024-02-23 for user 1c064242976c4971a6b8fcdc7515b5ec
2025-03-06 14:54:39,794 - scripts.payslips - DEBUG - Scraped payslip at date 2024-02-09 for user 1c064242976c4971a6b8fcdc7515b5ec
2025-03-06 14:54:40,430 - scripts.payslips - DEBUG - Scraped payslip at date 2024-01-26 for user 1c064242976c4971a6b8fcdc7515b5ec
2025-03-06 14:54:41,079 - scripts.payslips - DEBUG - Scraped payslip at date 2024-01-12 for user 1c064242976c4971a6b8fcdc7515b5ec
2025-03-06 14:54:41,728 - scripts.payslips - DEBUG - Scraped payslip at date 2023-12-29 for user 1c064242976c4971a6b8fcdc7515b5ec
2025-03-06 14:54:42,403 - scripts.payslips - DEBUG - Scraped payslip at date 2023-12-15 for user 1c064242976c4971a6b8fcdc7515b5ec
2025-03-06 14:54:43,033 - scripts.payslips - DEBUG - Scraped payslip at date 2023-12-01 for user 1c064242976c4971a6b8fcdc7515b5ec
2025-03-06 14:54:43,695 - scripts.payslips - DEBUG - Scraped payslip at date 2023-11-17 for user 1c064242976c4971a6b8fcdc7515b5ec
2025-03-06 14:54:44,342 - scripts.payslips - DEBUG - Scraped payslip at date 2023-11-03 for user 1c064242976c4971a6b8fcdc7515b5ec
2025-03-06 14:54:44,996 - scripts.payslips - DEBUG - Scraped payslip at date 2023-10-20 for user 1c064242976c4971a6b8fcdc7515b5ec
2025-03-06 14:54:45,674 - scripts.payslips - DEBUG - Scraped payslip at date 2023-10-06 for user 1c064242976c4971a6b8fcdc7515b5ec
2025-03-06 14:54:46,338 - scripts.payslips - DEBUG - Scraped payslip at date 2023-09-22 for user 1c064242976c4971a6b8fcdc7515b5ec
2025-03-06 14:54:47,003 - scripts.payslips - DEBUG - Scraped payslip at date 2023-09-08 for user 1c064242976c4971a6b8fcdc7515b5ec
2025-03-06 14:54:48,155 - scripts.payslips - DEBUG - Scraped payslip at date 2023-08-25 for user 1c064242976c4971a6b8fcdc7515b5ec
2025-03-06 14:54:48,833 - scripts.payslips - DEBUG - Scraped payslip at date 2023-08-11 for user 1c064242976c4971a6b8fcdc7515b5ec
2025-03-06 14:54:49,965 - scripts.payslips - DEBUG - Scraped payslip at date 2023-07-28 for user 1c064242976c4971a6b8fcdc7515b5ec
2025-03-06 14:54:50,617 - scripts.payslips - DEBUG - Scraped payslip at date 2023-07-14 for user 1c064242976c4971a6b8fcdc7515b5ec
2025-03-06 14:54:51,302 - scripts.payslips - DEBUG - Scraped payslip at date 2023-06-30 for user 1c064242976c4971a6b8fcdc7515b5ec
2025-03-06 14:54:52,008 - scripts.payslips - DEBUG - Scraped payslip at date 2023-06-16 for user 1c064242976c4971a6b8fcdc7515b5ec
2025-03-06 14:54:52,713 - scripts.payslips - DEBUG - Scraped payslip at date 2023-06-02 for user 1c064242976c4971a6b8fcdc7515b5ec
2025-03-06 14:54:53,373 - scripts.payslips - DEBUG - Scraped payslip at date 2023-05-19 for user 1c064242976c4971a6b8fcdc7515b5ec
2025-03-06 14:54:54,505 - scripts.payslips - DEBUG - Scraped payslip at date 2023-05-05 for user 1c064242976c4971a6b8fcdc7515b5ec
2025-03-06 14:54:55,670 - scripts.payslips - DEBUG - Scraped payslip at date 2023-04-21 for user 1c064242976c4971a6b8fcdc7515b5ec
2025-03-06 14:55:05,759 - scripts.payslips - ERROR - Locator expected to have text '06/04/2023'
Actual value: 07/04/2023 
Call log:
  - LocatorAssertions.to_have_text with timeout 10000ms
  -   - waiting for locator("#ctl00_MCPH_PayslipCtrl_udpEmployeeDetails").locator(".TDData").nth(2)
  -     3 × locator resolved to <td valign="top" class="TDData">21/04/2023</td>
  -       - unexpected value "21/04/2023"
  -     11 × locator resolved to <td valign="top" class="TDData">07/04/2023</td>
  -        - unexpected value "07/04/2023"

2025-03-06 14:55:05,915 - scripts.payslips - DEBUG - Scraped payslip at date 2023-04-06 for user 1c064242976c4971a6b8fcdc7515b5ec
2025-03-06 14:55:06,587 - scripts.payslips - DEBUG - Scraped payslip at date 2023-03-24 for user 1c064242976c4971a6b8fcdc7515b5ec
2025-03-06 14:55:07,743 - scripts.payslips - DEBUG - Scraped payslip at date 2023-03-10 for user 1c064242976c4971a6b8fcdc7515b5ec
2025-03-06 14:55:08,900 - scripts.payslips - DEBUG - Scraped payslip at date 2023-02-24 for user 1c064242976c4971a6b8fcdc7515b5ec
2025-03-06 14:55:09,560 - scripts.payslips - DEBUG - Scraped payslip at date 2023-02-10 for user 1c064242976c4971a6b8fcdc7515b5ec
2025-03-06 14:55:10,230 - scripts.payslips - DEBUG - Scraped payslip at date 2023-01-27 for user 1c064242976c4971a6b8fcdc7515b5ec
2025-03-06 14:55:10,901 - scripts.payslips - DEBUG - Scraped payslip at date 2023-01-13 for user 1c064242976c4971a6b8fcdc7515b5ec
2025-03-06 14:55:11,584 - scripts.payslips - DEBUG - Scraped payslip at date 2022-12-30 for user 1c064242976c4971a6b8fcdc7515b5ec
2025-03-06 14:55:12,262 - scripts.payslips - DEBUG - Scraped payslip at date 2022-12-16 for user 1c064242976c4971a6b8fcdc7515b5ec
2025-03-06 14:55:12,927 - scripts.payslips - DEBUG - Scraped payslip at date 2022-12-02 for user 1c064242976c4971a6b8fcdc7515b5ec
2025-03-06 14:55:12,936 - scripts.payslips - INFO - Scraped 60 payslips for user 1c064242976c4971a6b8fcdc7515b5ec
2025-03-06 14:55:14,083 - scripts.scraper - DEBUG - Connection closed to database dbfinance
2025-03-06 14:55:14,192 - scripts.scraper - DEBUG - Connection made to database dbfinance
2025-03-06 14:55:17,449 - scripts.scraper - DEBUG - Connection closed to database dbfinance
2025-03-06 14:55:17,561 - scripts.scraper - DEBUG - Connection made to database dbfinance
2025-03-06 14:55:25,372 - scripts.shifts - DEBUG - Scraped shift: {'date': datetime.date(2024, 7, 8), 'start': 1720425600.0, 'end': 1720447200.0, 'rate': 12.05, 'type': 'Schedule', 'category': 'work'} for user 1c064242976c4971a6b8fcdc7515b5ec
2025-03-06 14:55:25,372 - scripts.shifts - DEBUG - Scraped shift: {'date': datetime.date(2024, 7, 9), 'start': 1720524600.0, 'end': 1720544400.0, 'rate': 12.05, 'type': 'Schedule', 'category': 'work'} for user 1c064242976c4971a6b8fcdc7515b5ec
2025-03-06 14:55:25,372 - scripts.shifts - DEBUG - Scraped shift: {'date': datetime.date(2024, 7, 14), 'start': 1720944000.0, 'end': 1720965600.0, 'rate': 12.05, 'type': 'Schedule', 'category': 'work'} for user 1c064242976c4971a6b8fcdc7515b5ec
2025-03-06 14:55:26,853 - scripts.shifts - DEBUG - Scraped shift: {'date': datetime.date(2024, 7, 15), 'start': 1721059200.0, 'end': 1721080800.0, 'rate': 12.05, 'type': 'Schedule', 'category': 'work'} for user 1c064242976c4971a6b8fcdc7515b5ec
2025-03-06 14:55:26,853 - scripts.shifts - DEBUG - Scraped shift: {'date': datetime.date(2024, 7, 21), 'start': 1721581200.0, 'end': 1721599200.0, 'rate': 12.05, 'type': 'Schedule', 'category': 'work'} for user 1c064242976c4971a6b8fcdc7515b5ec
2025-03-06 14:55:28,320 - scripts.shifts - DEBUG - Scraped shift: {'date': datetime.date(2024, 7, 25), 'start': 1721901600.0, 'end': 1721923200.0, 'rate': 12.05, 'type': 'Schedule', 'category': 'work'} for user 1c064242976c4971a6b8fcdc7515b5ec
2025-03-06 14:55:28,320 - scripts.shifts - DEBUG - Scraped shift: {'date': datetime.date(2024, 7, 27), 'start': 1722092400.0, 'end': 1722106800.0, 'rate': 12.05, 'type': 'Schedule', 'category': 'work'} for user 1c064242976c4971a6b8fcdc7515b5ec
2025-03-06 14:55:29,801 - scripts.shifts - DEBUG - Scraped shift: {'date': datetime.date(2024, 7, 29), 'start': 1722250800.0, 'end': 1722272400.0, 'rate': 12.05, 'type': 'Schedule', 'category': 'work'} for user 1c064242976c4971a6b8fcdc7515b5ec
2025-03-06 14:55:29,802 - scripts.shifts - DEBUG - Scraped shift: {'date': datetime.date(2024, 8, 2), 'start': 1722614400.0, 'end': 1722636000.0, 'rate': 12.05, 'type': 'Schedule', 'category': 'work'} for user 1c064242976c4971a6b8fcdc7515b5ec
2025-03-06 14:55:29,802 - scripts.shifts - DEBUG - Scraped shift: {'date': datetime.date(2024, 8, 4), 'start': 1722783600.0, 'end': 1722807000.0, 'rate': 12.05, 'type': 'Schedule', 'category': 'work'} for user 1c064242976c4971a6b8fcdc7515b5ec
2025-03-06 14:55:30,800 - scripts.shifts - DEBUG - Scraped shift: {'date': datetime.date(2024, 8, 5), 'start': 1722855600.0, 'end': 1722877200.0, 'rate': 12.05, 'type': 'Schedule', 'category': 'work'} for user 1c064242976c4971a6b8fcdc7515b5ec
2025-03-06 14:55:30,800 - scripts.shifts - DEBUG - Scraped shift: {'date': datetime.date(2024, 8, 6), 'start': 1722931200.0, 'end': 1722945600.0, 'rate': 12.05, 'type': 'Schedule', 'category': 'work'} for user 1c064242976c4971a6b8fcdc7515b5ec
2025-03-06 14:55:30,800 - scripts.shifts - DEBUG - Scraped shift: {'date': datetime.date(2024, 8, 10), 'start': 1723273200.0, 'end': 1723294800.0, 'rate': 12.05, 'type': 'Schedule', 'category': 'work'} for user 1c064242976c4971a6b8fcdc7515b5ec
2025-03-06 14:55:30,800 - scripts.shifts - DEBUG - Scraped shift: {'date': datetime.date(2024, 8, 11), 'start': 1723359600.0, 'end': 1723384800.0, 'rate': 12.05, 'type': 'Schedule', 'category': 'work'} for user 1c064242976c4971a6b8fcdc7515b5ec
2025-03-06 14:55:31,754 - scripts.shifts - DEBUG - Scraped shift: {'date': datetime.date(2024, 8, 12), 'start': 1723471200.0, 'end': 1723500000.0, 'rate': 12.05, 'type': 'Schedule', 'category': 'work'} for user 1c064242976c4971a6b8fcdc7515b5ec
2025-03-06 14:55:31,755 - scripts.shifts - DEBUG - Scraped shift: {'date': datetime.date(2024, 8, 15), 'start': 1723712400.0, 'end': 1723737600.0, 'rate': 12.05, 'type': 'Schedule', 'category': 'work'} for user 1c064242976c4971a6b8fcdc7515b5ec
2025-03-06 14:55:32,706 - scripts.shifts - DEBUG - Scraped shift: {'date': datetime.date(2024, 8, 19), 'start': 1724067000.0, 'end': 1724086800.0, 'rate': 12.05, 'type': 'Schedule', 'category': 'work'} for user 1c064242976c4971a6b8fcdc7515b5ec
2025-03-06 14:55:32,707 - scripts.shifts - DEBUG - Scraped shift: {'date': datetime.date(2024, 8, 22), 'start': 1724346000.0, 'end': 1724364000.0, 'rate': 12.05, 'type': 'Schedule', 'category': 'work'} for user 1c064242976c4971a6b8fcdc7515b5ec
2025-03-06 14:55:32,707 - scripts.shifts - DEBUG - Scraped shift: {'date': datetime.date(2024, 8, 24), 'start': 1724515200.0, 'end': 1724536800.0, 'rate': 12.05, 'type': 'Schedule', 'category': 'work'} for user 1c064242976c4971a6b8fcdc7515b5ec
2025-03-06 14:55:33,662 - scripts.shifts - DEBUG - Scraped shift: {'date': datetime.date(2024, 8, 27), 'start': 1724774400.0, 'end': 1724796000.0, 'rate': 12.05, 'type': 'Schedule', 'category': 'work'} for user 1c064242976c4971a6b8fcdc7515b5ec
2025-03-06 14:55:33,662 - scripts.shifts - DEBUG - Scraped shift: {'date': datetime.date(2024, 8, 30), 'start': 1725033600.0, 'end': 1725055200.0, 'rate': 12.05, 'type': 'Schedule', 'category': 'work'} for user 1c064242976c4971a6b8fcdc7515b5ec
2025-03-06 14:55:34,629 - scripts.shifts - DEBUG - Scraped shift: {'date': datetime.date(2024, 9, 5), 'start': 1725548400.0, 'end': 1725573600.0, 'rate': 12.05, 'type': 'Schedule', 'category': 'work'} for user 1c064242976c4971a6b8fcdc7515b5ec
2025-03-06 14:55:34,630 - scripts.shifts - DEBUG - Scraped shift: {'date': datetime.date(2024, 9, 8), 'start': 1725814800.0, 'end': 1725832800.0, 'rate': 12.05, 'type': 'Schedule', 'category': 'work'} for user 1c064242976c4971a6b8fcdc7515b5ec
2025-03-06 14:55:35,584 - scripts.shifts - DEBUG - Scraped shift: {'date': datetime.date(2024, 9, 9), 'start': 1725894000.0, 'end': 1725919200.0, 'rate': 12.05, 'type': 'Schedule', 'category': 'work'} for user 1c064242976c4971a6b8fcdc7515b5ec
2025-03-06 14:55:35,584 - scripts.shifts - DEBUG - Scraped shift: {'date': datetime.date(2024, 9, 13), 'start': 1726228800.0, 'end': 1726250400.0, 'rate': 12.05, 'type': 'Schedule', 'category': 'work'} for user 1c064242976c4971a6b8fcdc7515b5ec
2025-03-06 14:55:36,552 - scripts.shifts - DEBUG - Scraped shift: {'date': datetime.date(2024, 9, 17), 'start': 1726592400.0, 'end': 1726610400.0, 'rate': 12.05, 'type': 'Schedule', 'category': 'work'} for user 1c064242976c4971a6b8fcdc7515b5ec
2025-03-06 14:55:36,552 - scripts.shifts - DEBUG - Scraped shift: {'date': datetime.date(2024, 9, 20), 'start': 1726851600.0, 'end': 1726867800.0, 'rate': 12.05, 'type': 'Schedule', 'category': 'work'} for user 1c064242976c4971a6b8fcdc7515b5ec
2025-03-06 14:55:36,552 - scripts.shifts - DEBUG - Scraped shift: {'date': datetime.date(2024, 9, 22), 'start': 1727024400.0, 'end': 1727040600.0, 'rate': 12.05, 'type': 'Schedule', 'category': 'work'} for user 1c064242976c4971a6b8fcdc7515b5ec
2025-03-06 14:55:37,510 - scripts.shifts - DEBUG - Scraped shift: {'date': datetime.date(2024, 9, 24), 'start': 1727193600.0, 'end': 1727213400.0, 'rate': 12.05, 'type': 'Schedule', 'category': 'work'} for user 1c064242976c4971a6b8fcdc7515b5ec
2025-03-06 14:55:37,511 - scripts.shifts - DEBUG - Scraped shift: {'date': datetime.date(2024, 9, 28), 'start': 1727532000.0, 'end': 1727553600.0, 'rate': 12.05, 'type': 'Schedule', 'category': 'work'} for user 1c064242976c4971a6b8fcdc7515b5ec
2025-03-06 14:55:38,459 - scripts.shifts - DEBUG - Scraped shift: {'date': datetime.date(2024, 9, 30), 'start': 1727712000.0, 'end': 1727731800.0, 'rate': 12.05, 'type': 'Schedule', 'category': 'work'} for user 1c064242976c4971a6b8fcdc7515b5ec
2025-03-06 14:55:38,460 - scripts.shifts - DEBUG - Scraped shift: {'date': datetime.date(2024, 10, 5), 'start': 1728117000.0, 'end': 1728120600.0, 'rate': 12.05, 'type': 'Schedule', 'category': 'work'} for user 1c064242976c4971a6b8fcdc7515b5ec
2025-03-06 14:55:38,460 - scripts.shifts - DEBUG - Scraped shift: {'date': datetime.date(2024, 10, 6), 'start': 1728234000.0, 'end': 1728250200.0, 'rate': 12.05, 'type': 'Schedule', 'category': 'work'} for user 1c064242976c4971a6b8fcdc7515b5ec
2025-03-06 14:55:39,431 - scripts.shifts - DEBUG - Scraped shift: {'date': datetime.date(2024, 10, 9), 'start': 1728489600.0, 'end': 1728509400.0, 'rate': 12.05, 'type': 'Schedule', 'category': 'work'} for user 1c064242976c4971a6b8fcdc7515b5ec
2025-03-06 14:55:39,431 - scripts.shifts - DEBUG - Scraped shift: {'date': datetime.date(2024, 10, 13), 'start': 1728835200.0, 'end': 1728855000.0, 'rate': 12.05, 'type': 'Schedule', 'category': 'work'} for user 1c064242976c4971a6b8fcdc7515b5ec
2025-03-06 14:55:40,422 - scripts.shifts - DEBUG - Scraped shift: {'date': datetime.date(2024, 10, 15), 'start': 1729011600.0, 'end': 1729029600.0, 'rate': 12.05, 'type': 'Schedule', 'category': 'work'} for user 1c064242976c4971a6b8fcdc7515b5ec
2025-03-06 14:55:40,422 - scripts.shifts - DEBUG - Scraped shift: {'date': datetime.date(2024, 10, 20), 'start': 1729440000.0, 'end': 1729461600.0, 'rate': 12.05, 'type': 'Schedule', 'category': 'work'} for user 1c064242976c4971a6b8fcdc7515b5ec
2025-03-06 14:55:41,377 - scripts.shifts - DEBUG - Scraped shift: {'date': datetime.date(2024, 10, 21), 'start': 1729526400.0, 'end': 1729546200.0, 'rate': 12.05, 'type': 'Schedule', 'category': 'work'} for user 1c064242976c4971a6b8fcdc7515b5ec
2025-03-06 14:55:41,377 - scripts.shifts - DEBUG - Scraped shift: {'date': datetime.date(2024, 10, 23), 'start': 1729702800.0, 'end': 1729720800.0, 'rate': 12.05, 'type': 'Schedule', 'category': 'work'} for user 1c064242976c4971a6b8fcdc7515b5ec
2025-03-06 14:55:41,378 - scripts.shifts - DEBUG - Scraped shift: {'date': datetime.date(2024, 10, 25), 'start': 1729872000.0, 'end': 1729893600.0, 'rate': 12.05, 'type': 'Schedule', 'category': 'work'} for user 1c064242976c4971a6b8fcdc7515b5ec
2025-03-06 14:55:41,378 - scripts.shifts - DEBUG - Scraped shift: {'date': datetime.date(2024, 10, 27), 'start': 1730048400.0, 'end': 1730068200.0, 'rate': 12.05, 'type': 'Schedule', 'category': 'work'} for user 1c064242976c4971a6b8fcdc7515b5ec
2025-03-06 14:55:42,333 - scripts.shifts - DEBUG - Scraped shift: {'date': datetime.date(2024, 10, 30), 'start': 1730311200.0, 'end': 1730329200.0, 'rate': 12.05, 'type': 'Schedule', 'category': 'work'} for user 1c064242976c4971a6b8fcdc7515b5ec
2025-03-06 14:55:42,333 - scripts.shifts - DEBUG - Scraped shift: {'date': datetime.date(2024, 11, 1), 'start': 1730462400.0, 'end': 1730484000.0, 'rate': 12.05, 'type': 'Schedule', 'category': 'work'} for user 1c064242976c4971a6b8fcdc7515b5ec
2025-03-06 14:55:42,333 - scripts.shifts - DEBUG - Scraped shift: {'date': datetime.date(2024, 11, 2), 'start': 1730559600.0, 'end': 1730581200.0, 'rate': 12.05, 'type': 'Schedule', 'category': 'work'} for user 1c064242976c4971a6b8fcdc7515b5ec
2025-03-06 14:55:42,333 - scripts.shifts - DEBUG - ['', 'HOL', '(APPR)', '', '', '', '']
2025-03-06 14:55:42,333 - scripts.shifts - DEBUG - Scraped shift: {'date': datetime.date(2024, 11, 3), 'start': 0, 'end': 0, 'category': 'holiday', 'hours': 8, 'rate': 12.05, 'type': 'Schedule'} for user 1c064242976c4971a6b8fcdc7515b5ec
2025-03-06 14:55:43,299 - scripts.shifts - DEBUG - ['', 'HOL', '(APPR)', '', '', '', '']
2025-03-06 14:55:43,299 - scripts.shifts - DEBUG - Scraped shift: {'date': datetime.date(2024, 11, 4), 'start': 0, 'end': 0, 'category': 'holiday', 'hours': 8, 'rate': 12.05, 'type': 'Schedule'} for user 1c064242976c4971a6b8fcdc7515b5ec
2025-03-06 14:55:43,299 - scripts.shifts - DEBUG - Scraped shift: {'date': datetime.date(2024, 11, 5), 'start': 1730797200.0, 'end': 1730818800.0, 'rate': 12.05, 'type': 'Schedule', 'category': 'work'} for user 1c064242976c4971a6b8fcdc7515b5ec
2025-03-06 14:55:43,299 - scripts.shifts - DEBUG - Scraped shift: {'date': datetime.date(2024, 11, 6), 'start': 1730912400.0, 'end': 1730934000.0, 'rate': 12.05, 'type': 'Schedule', 'category': 'work'} for user 1c064242976c4971a6b8fcdc7515b5ec
2025-03-06 14:55:43,299 - scripts.shifts - DEBUG - Scraped shift: {'date': datetime.date(2024, 11, 7), 'start': 1730998800.0, 'end': 1731024000.0, 'rate': 12.05, 'type': 'Schedule', 'category': 'work'} for user 1c064242976c4971a6b8fcdc7515b5ec
2025-03-06 14:55:43,300 - scripts.shifts - DEBUG - Scraped shift: {'date': datetime.date(2024, 11, 8), 'start': 1731085200.0, 'end': 1731106800.0, 'rate': 12.05, 'type': 'Schedule', 'category': 'work'} for user 1c064242976c4971a6b8fcdc7515b5ec
2025-03-06 14:55:43,300 - scripts.shifts - DEBUG - Scraped shift: {'date': datetime.date(2024, 11, 9), 'start': 1731175200.0, 'end': 1731193200.0, 'rate': 12.05, 'type': 'Schedule', 'category': 'work'} for user 1c064242976c4971a6b8fcdc7515b5ec
2025-03-06 14:55:43,300 - scripts.shifts - DEBUG - Scraped shift: {'date': datetime.date(2024, 11, 10), 'start': 1731254400.0, 'end': 1731279600.0, 'rate': 12.05, 'type': 'Schedule', 'category': 'work'} for user 1c064242976c4971a6b8fcdc7515b5ec
2025-03-06 14:55:44,263 - scripts.shifts - DEBUG - Scraped shift: {'date': datetime.date(2024, 11, 11), 'start': 1731348000.0, 'end': 1731369600.0, 'rate': 12.05, 'type': 'Schedule', 'category': 'work'} for user 1c064242976c4971a6b8fcdc7515b5ec
2025-03-06 14:55:44,263 - scripts.shifts - DEBUG - Scraped shift: {'date': datetime.date(2024, 11, 12), 'start': 1731430800.0, 'end': 1731450600.0, 'rate': 12.05, 'type': 'Schedule', 'category': 'work'} for user 1c064242976c4971a6b8fcdc7515b5ec
2025-03-06 14:55:44,264 - scripts.shifts - DEBUG - Scraped shift: {'date': datetime.date(2024, 11, 13), 'start': 1731517200.0, 'end': 1731538800.0, 'rate': 12.05, 'type': 'Schedule', 'category': 'work'} for user 1c064242976c4971a6b8fcdc7515b5ec
2025-03-06 14:55:44,264 - scripts.shifts - DEBUG - Scraped shift: {'date': datetime.date(2024, 11, 17), 'start': 1731859200.0, 'end': 1731884400.0, 'rate': 12.05, 'type': 'Schedule', 'category': 'work'} for user 1c064242976c4971a6b8fcdc7515b5ec
2025-03-06 14:55:45,242 - scripts.shifts - DEBUG - Scraped shift: {'date': datetime.date(2024, 11, 18), 'start': 1731952800.0, 'end': 1731974400.0, 'rate': 12.05, 'type': 'Schedule', 'category': 'work'} for user 1c064242976c4971a6b8fcdc7515b5ec
2025-03-06 14:55:45,242 - scripts.shifts - DEBUG - Scraped shift: {'date': datetime.date(2024, 11, 22), 'start': 1732258800.0, 'end': 1732262400.0, 'rate': 12.05, 'type': 'Schedule', 'category': 'work'} for user 1c064242976c4971a6b8fcdc7515b5ec
2025-03-06 14:55:45,242 - scripts.shifts - DEBUG - Scraped shift: {'date': datetime.date(2024, 11, 23), 'start': 1732359600.0, 'end': 1732363200.0, 'rate': 12.05, 'type': 'Schedule', 'category': 'work'} for user 1c064242976c4971a6b8fcdc7515b5ec
2025-03-06 14:55:45,243 - scripts.shifts - DEBUG - Scraped shift: {'date': datetime.date(2024, 11, 24), 'start': 1732464000.0, 'end': 1732489200.0, 'rate': 12.05, 'type': 'Schedule', 'category': 'work'} for user 1c064242976c4971a6b8fcdc7515b5ec
2025-03-06 14:55:46,199 - scripts.shifts - DEBUG - Scraped shift: {'date': datetime.date(2024, 11, 26), 'start': 1732640400.0, 'end': 1732662000.0, 'rate': 12.05, 'type': 'Schedule', 'category': 'work'} for user 1c064242976c4971a6b8fcdc7515b5ec
2025-03-06 14:55:46,200 - scripts.shifts - DEBUG - Scraped shift: {'date': datetime.date(2024, 11, 29), 'start': 1732863600.0, 'end': 1732892400.0, 'rate': 12.05, 'type': 'Schedule', 'category': 'work'} for user 1c064242976c4971a6b8fcdc7515b5ec
2025-03-06 14:55:46,200 - scripts.shifts - DEBUG - Scraped shift: {'date': datetime.date(2024, 11, 30), 'start': 1732982400.0, 'end': 1733007600.0, 'rate': 12.05, 'type': 'Schedule', 'category': 'work'} for user 1c064242976c4971a6b8fcdc7515b5ec
2025-03-06 14:55:47,154 - scripts.shifts - DEBUG - Scraped shift: {'date': datetime.date(2024, 12, 2), 'start': 1733158800.0, 'end': 1733184000.0, 'rate': 12.05, 'type': 'Schedule', 'category': 'work'} for user 1c064242976c4971a6b8fcdc7515b5ec
2025-03-06 14:55:47,155 - scripts.shifts - DEBUG - Scraped shift: {'date': datetime.date(2024, 12, 4), 'start': 1733331600.0, 'end': 1733353200.0, 'rate': 12.05, 'type': 'Schedule', 'category': 'work'} for user 1c064242976c4971a6b8fcdc7515b5ec
2025-03-06 14:55:47,155 - scripts.shifts - DEBUG - Scraped shift: {'date': datetime.date(2024, 12, 6), 'start': 1733490000.0, 'end': 1733515200.0, 'rate': 12.05, 'type': 'Schedule', 'category': 'work'} for user 1c064242976c4971a6b8fcdc7515b5ec
2025-03-06 14:55:48,108 - scripts.shifts - DEBUG - Scraped shift: {'date': datetime.date(2024, 12, 10), 'start': 1733846400.0, 'end': 1733871600.0, 'rate': 12.05, 'type': 'Schedule', 'category': 'work'} for user 1c064242976c4971a6b8fcdc7515b5ec
2025-03-06 14:55:48,108 - scripts.shifts - DEBUG - Scraped shift: {'date': datetime.date(2024, 12, 13), 'start': 1734073200.0, 'end': 1734105600.0, 'rate': 12.05, 'type': 'Schedule', 'category': 'work'} for user 1c064242976c4971a6b8fcdc7515b5ec
2025-03-06 14:55:49,078 - scripts.shifts - DEBUG - Scraped shift: {'date': datetime.date(2024, 12, 17), 'start': 1734454800.0, 'end': 1734476400.0, 'rate': 12.05, 'type': 'Schedule', 'category': 'work'} for user 1c064242976c4971a6b8fcdc7515b5ec
2025-03-06 14:55:49,078 - scripts.shifts - DEBUG - Scraped shift: {'date': datetime.date(2024, 12, 18), 'start': 1734541200.0, 'end': 1734562800.0, 'rate': 12.05, 'type': 'Schedule', 'category': 'work'} for user 1c064242976c4971a6b8fcdc7515b5ec
2025-03-06 14:55:49,078 - scripts.shifts - DEBUG - Scraped shift: {'date': datetime.date(2024, 12, 20), 'start': 1734692400.0, 'end': 1734724800.0, 'rate': 12.05, 'type': 'Schedule', 'category': 'work'} for user 1c064242976c4971a6b8fcdc7515b5ec
2025-03-06 14:55:49,078 - scripts.shifts - DEBUG - Scraped shift: {'date': datetime.date(2024, 12, 21), 'start': 1734764400.0, 'end': 1734796800.0, 'rate': 12.05, 'type': 'Schedule', 'category': 'work'} for user 1c064242976c4971a6b8fcdc7515b5ec
2025-03-06 14:55:49,079 - scripts.shifts - DEBUG - Scraped shift: {'date': datetime.date(2024, 12, 22), 'start': 1734883200.0, 'end': 1734908400.0, 'rate': 12.05, 'type': 'Schedule', 'category': 'work'} for user 1c064242976c4971a6b8fcdc7515b5ec
2025-03-06 14:55:50,041 - scripts.shifts - DEBUG - Scraped shift: {'date': datetime.date(2024, 12, 23), 'start': 1734969600.0, 'end': 1734998400.0, 'rate': 12.05, 'type': 'Schedule', 'category': 'work'} for user 1c064242976c4971a6b8fcdc7515b5ec
2025-03-06 14:55:50,041 - scripts.shifts - DEBUG - Scraped shift: {'date': datetime.date(2024, 12, 26), 'start': 1735214400.0, 'end': 1735236000.0, 'rate': 12.05, 'type': 'Schedule', 'category': 'work'} for user 1c064242976c4971a6b8fcdc7515b5ec
2025-03-06 14:55:50,041 - scripts.shifts - DEBUG - Scraped shift: {'date': datetime.date(2024, 12, 27), 'start': 1735315200.0, 'end': 1735344000.0, 'rate': 12.05, 'type': 'Schedule', 'category': 'work'} for user 1c064242976c4971a6b8fcdc7515b5ec
2025-03-06 14:55:50,041 - scripts.shifts - DEBUG - Scraped shift: {'date': datetime.date(2024, 12, 28), 'start': 1735390800.0, 'end': 1735412400.0, 'rate': 12.05, 'type': 'Schedule', 'category': 'work'} for user 1c064242976c4971a6b8fcdc7515b5ec
2025-03-06 14:55:50,041 - scripts.shifts - DEBUG - Scraped shift: {'date': datetime.date(2024, 12, 29), 'start': 1735491600.0, 'end': 1735513200.0, 'rate': 12.05, 'type': 'Schedule', 'category': 'work'} for user 1c064242976c4971a6b8fcdc7515b5ec
2025-03-06 14:55:51,002 - scripts.shifts - DEBUG - Scraped shift: {'date': datetime.date(2024, 12, 30), 'start': 1735560000.0, 'end': 1735592400.0, 'rate': 12.05, 'type': 'Schedule', 'category': 'work'} for user 1c064242976c4971a6b8fcdc7515b5ec
2025-03-06 14:55:51,003 - scripts.shifts - DEBUG - Scraped shift: {'date': datetime.date(2024, 12, 31), 'start': 1735660800.0, 'end': 1735678800.0, 'rate': 12.05, 'type': 'Schedule', 'category': 'work'} for user 1c064242976c4971a6b8fcdc7515b5ec
2025-03-06 14:55:51,003 - scripts.shifts - DEBUG - Scraped shift: {'date': datetime.date(2025, 1, 1), 'start': 1735747200.0, 'end': 1735772400.0, 'rate': 12.05, 'type': 'Schedule', 'category': 'work'} for user 1c064242976c4971a6b8fcdc7515b5ec
2025-03-06 14:55:51,003 - scripts.shifts - DEBUG - Scraped shift: {'date': datetime.date(2025, 1, 3), 'start': 1735887600.0, 'end': 1735916400.0, 'rate': 12.05, 'type': 'Schedule', 'category': 'work'} for user 1c064242976c4971a6b8fcdc7515b5ec
2025-03-06 14:55:51,003 - scripts.shifts - DEBUG - Scraped shift: {'date': datetime.date(2025, 1, 4), 'start': 1735974000.0, 'end': 1736006400.0, 'rate': 12.05, 'type': 'Schedule', 'category': 'work'} for user 1c064242976c4971a6b8fcdc7515b5ec
2025-03-06 14:55:51,960 - scripts.shifts - DEBUG - ['', 'HOL', '(APPR)', '', '', '', '']
2025-03-06 14:55:51,960 - scripts.shifts - DEBUG - Scraped shift: {'date': datetime.date(2025, 1, 6), 'start': 0, 'end': 0, 'category': 'holiday', 'hours': 8, 'rate': 12.05, 'type': 'Schedule'} for user 1c064242976c4971a6b8fcdc7515b5ec
2025-03-06 14:55:51,960 - scripts.shifts - DEBUG - Scraped shift: {'date': datetime.date(2025, 1, 10), 'start': 1736496000.0, 'end': 1736517600.0, 'rate': 12.05, 'type': 'Schedule', 'category': 'work'} for user 1c064242976c4971a6b8fcdc7515b5ec
2025-03-06 14:55:51,961 - scripts.shifts - DEBUG - Scraped shift: {'date': datetime.date(2025, 1, 12), 'start': 1736704800.0, 'end': 1736721000.0, 'rate': 12.05, 'type': 'Schedule', 'category': 'work'} for user 1c064242976c4971a6b8fcdc7515b5ec
2025-03-06 14:55:52,908 - scripts.shifts - DEBUG - ['', 'HOL', '(APPR)', '', '', '', '']
2025-03-06 14:55:52,908 - scripts.shifts - DEBUG - Scraped shift: {'date': datetime.date(2025, 1, 13), 'start': 0, 'end': 0, 'category': 'holiday', 'hours': 8, 'rate': 12.05, 'type': 'Schedule'} for user 1c064242976c4971a6b8fcdc7515b5ec
2025-03-06 14:55:52,908 - scripts.shifts - DEBUG - ['', 'HOL', '(APPR)', '', '', '', '']
2025-03-06 14:55:52,908 - scripts.shifts - DEBUG - Scraped shift: {'date': datetime.date(2025, 1, 14), 'start': 0, 'end': 0, 'category': 'holiday', 'hours': 8, 'rate': 12.05, 'type': 'Schedule'} for user 1c064242976c4971a6b8fcdc7515b5ec
2025-03-06 14:55:52,908 - scripts.shifts - DEBUG - Scraped shift: {'date': datetime.date(2025, 1, 15), 'start': 1736929800.0, 'end': 1736946000.0, 'rate': 12.05, 'type': 'Schedule', 'category': 'work'} for user 1c064242976c4971a6b8fcdc7515b5ec
2025-03-06 14:55:52,909 - scripts.shifts - DEBUG - Scraped shift: {'date': datetime.date(2025, 1, 18), 'start': 1737221400.0, 'end': 1737239400.0, 'rate': 12.05, 'type': 'Schedule', 'category': 'work'} for user 1c064242976c4971a6b8fcdc7515b5ec
2025-03-06 14:55:53,869 - scripts.shifts - DEBUG - ['', 'HOL', '(APPR)', '', '', '', '']
2025-03-06 14:55:53,869 - scripts.shifts - DEBUG - Scraped shift: {'date': datetime.date(2025, 1, 20), 'start': 0, 'end': 0, 'category': 'holiday', 'hours': 8, 'rate': 12.05, 'type': 'Schedule'} for user 1c064242976c4971a6b8fcdc7515b5ec
2025-03-06 14:55:53,869 - scripts.shifts - DEBUG - ['', 'HOL', '(APPR)', '', '', '', '']
2025-03-06 14:55:53,869 - scripts.shifts - DEBUG - Scraped shift: {'date': datetime.date(2025, 1, 21), 'start': 0, 'end': 0, 'category': 'holiday', 'hours': 8, 'rate': 12.05, 'type': 'Schedule'} for user 1c064242976c4971a6b8fcdc7515b5ec
2025-03-06 14:55:53,869 - scripts.shifts - DEBUG - Scraped shift: {'date': datetime.date(2025, 1, 23), 'start': 1737655200.0, 'end': 1737676800.0, 'rate': 12.05, 'type': 'Schedule', 'category': 'work'} for user 1c064242976c4971a6b8fcdc7515b5ec
2025-03-06 14:55:53,869 - scripts.shifts - DEBUG - Scraped shift: {'date': datetime.date(2025, 1, 25), 'start': 1737820800.0, 'end': 1737844200.0, 'rate': 12.05, 'type': 'Schedule', 'category': 'work'} for user 1c064242976c4971a6b8fcdc7515b5ec
2025-03-06 14:55:53,869 - scripts.shifts - DEBUG - Scraped shift: {'date': datetime.date(2025, 1, 26), 'start': 1737910800.0, 'end': 1737930600.0, 'rate': 12.05, 'type': 'Schedule', 'category': 'work'} for user 1c064242976c4971a6b8fcdc7515b5ec
2025-03-06 14:55:55,836 - scripts.shifts - DEBUG - Scraped shift: {'date': datetime.date(2025, 2, 5), 'start': 1738774800.0, 'end': 1738796400.0, 'rate': 12.05, 'type': 'Schedule', 'category': 'work'} for user 1c064242976c4971a6b8fcdc7515b5ec
2025-03-06 14:55:55,836 - scripts.shifts - DEBUG - Scraped shift: {'date': datetime.date(2025, 2, 6), 'start': 1738866600.0, 'end': 1738886400.0, 'rate': 12.05, 'type': 'Schedule', 'category': 'work'} for user 1c064242976c4971a6b8fcdc7515b5ec
2025-03-06 14:55:55,836 - scripts.shifts - DEBUG - Scraped shift: {'date': datetime.date(2025, 2, 8), 'start': 1739001600.0, 'end': 1739030400.0, 'rate': 12.05, 'type': 'Schedule', 'category': 'work'} for user 1c064242976c4971a6b8fcdc7515b5ec
2025-03-06 14:55:55,836 - scripts.shifts - DEBUG - Scraped shift: {'date': datetime.date(2025, 2, 9), 'start': 1739091600.0, 'end': 1739116800.0, 'rate': 12.05, 'type': 'Schedule', 'category': 'work'} for user 1c064242976c4971a6b8fcdc7515b5ec
2025-03-06 14:55:56,785 - scripts.shifts - DEBUG - Scraped shift: {'date': datetime.date(2025, 2, 12), 'start': 1739376000.0, 'end': 1739404800.0, 'rate': 12.05, 'type': 'Schedule', 'category': 'work'} for user 1c064242976c4971a6b8fcdc7515b5ec
2025-03-06 14:55:56,785 - scripts.shifts - DEBUG - Scraped shift: {'date': datetime.date(2025, 2, 13), 'start': 1739462400.0, 'end': 1739491200.0, 'rate': 12.05, 'type': 'Schedule', 'category': 'work'} for user 1c064242976c4971a6b8fcdc7515b5ec
2025-03-06 14:55:56,786 - scripts.shifts - DEBUG - Scraped shift: {'date': datetime.date(2025, 2, 15), 'start': 1739602800.0, 'end': 1739635200.0, 'rate': 12.05, 'type': 'Schedule', 'category': 'work'} for user 1c064242976c4971a6b8fcdc7515b5ec
2025-03-06 14:55:56,786 - scripts.shifts - DEBUG - Scraped shift: {'date': datetime.date(2025, 2, 16), 'start': 1739707200.0, 'end': 1739736000.0, 'rate': 12.05, 'type': 'Schedule', 'category': 'work'} for user 1c064242976c4971a6b8fcdc7515b5ec
2025-03-06 14:55:57,739 - scripts.shifts - DEBUG - Scraped shift: {'date': datetime.date(2025, 2, 19), 'start': 1739980800.0, 'end': 1740009600.0, 'rate': 12.05, 'type': 'Schedule', 'category': 'work'} for user 1c064242976c4971a6b8fcdc7515b5ec
2025-03-06 14:55:57,739 - scripts.shifts - DEBUG - Scraped shift: {'date': datetime.date(2025, 2, 20), 'start': 1740067200.0, 'end': 1740096000.0, 'rate': 12.05, 'type': 'Schedule', 'category': 'work'} for user 1c064242976c4971a6b8fcdc7515b5ec
2025-03-06 14:55:59,242 - scripts.shifts - DEBUG - Scraped shift: {'date': datetime.date(2025, 2, 26), 'start': 1740585600.0, 'end': 1740614400.0, 'rate': 12.05, 'type': 'Schedule', 'category': 'work'} for user 1c064242976c4971a6b8fcdc7515b5ec
2025-03-06 14:55:59,242 - scripts.shifts - DEBUG - Scraped shift: {'date': datetime.date(2025, 2, 27), 'start': 1740672000.0, 'end': 1740700800.0, 'rate': 12.05, 'type': 'Schedule', 'category': 'work'} for user 1c064242976c4971a6b8fcdc7515b5ec
2025-03-06 14:55:59,242 - scripts.shifts - DEBUG - Scraped shift: {'date': datetime.date(2025, 2, 28), 'start': 1740762000.0, 'end': 1740780000.0, 'rate': 12.05, 'type': 'Schedule', 'category': 'work'} for user 1c064242976c4971a6b8fcdc7515b5ec
2025-03-06 14:55:59,243 - scripts.shifts - DEBUG - Scraped shift: {'date': datetime.date(2025, 3, 1), 'start': 1740830400.0, 'end': 1740866400.0, 'rate': 12.05, 'type': 'Schedule', 'category': 'work'} for user 1c064242976c4971a6b8fcdc7515b5ec
2025-03-06 14:55:59,243 - scripts.shifts - DEBUG - Scraped shift: {'date': datetime.date(2025, 3, 2), 'start': 1740916800.0, 'end': 1740945600.0, 'rate': 12.05, 'type': 'Schedule', 'category': 'work'} for user 1c064242976c4971a6b8fcdc7515b5ec
2025-03-06 14:56:00,267 - scripts.shifts - DEBUG - Scraped shift: {'date': datetime.date(2025, 3, 4), 'start': 1741071600.0, 'end': 1741104000.0, 'rate': 12.05, 'type': 'Schedule', 'category': 'work'} for user 1c064242976c4971a6b8fcdc7515b5ec
2025-03-06 14:56:00,268 - scripts.shifts - DEBUG - Scraped shift: {'date': datetime.date(2025, 3, 5), 'start': 1741190400.0, 'end': 1741219200.0, 'rate': 12.05, 'type': 'Schedule', 'category': 'work'} for user 1c064242976c4971a6b8fcdc7515b5ec
2025-03-06 14:56:00,268 - scripts.shifts - DEBUG - Scraped shift: {'date': datetime.date(2025, 3, 6), 'start': 1741276800.0, 'end': 1741305600.0, 'rate': 12.05, 'type': 'Schedule', 'category': 'work'} for user 1c064242976c4971a6b8fcdc7515b5ec
2025-03-06 14:56:00,268 - scripts.shifts - DEBUG - Scraped shift: {'date': datetime.date(2025, 3, 8), 'start': 1741449600.0, 'end': 1741478400.0, 'rate': 12.05, 'type': 'Schedule', 'category': 'work'} for user 1c064242976c4971a6b8fcdc7515b5ec
2025-03-06 14:56:00,268 - scripts.shifts - DEBUG - Scraped shift: {'date': datetime.date(2025, 3, 9), 'start': 1741521600.0, 'end': 1741550400.0, 'rate': 12.05, 'type': 'Schedule', 'category': 'work'} for user 1c064242976c4971a6b8fcdc7515b5ec
2025-03-06 14:56:01,732 - scripts.shifts - DEBUG - Scraped shift: {'date': datetime.date(2025, 3, 11), 'start': 1741676400.0, 'end': 1741708800.0, 'rate': 12.05, 'type': 'Schedule', 'category': 'work'} for user 1c064242976c4971a6b8fcdc7515b5ec
2025-03-06 14:56:01,733 - scripts.shifts - DEBUG - Scraped shift: {'date': datetime.date(2025, 3, 12), 'start': 1741795200.0, 'end': 1741824000.0, 'rate': 12.05, 'type': 'Schedule', 'category': 'work'} for user 1c064242976c4971a6b8fcdc7515b5ec
2025-03-06 14:56:01,733 - scripts.shifts - DEBUG - ['', 'HOL', '(APPR)', '', '', '', '']
2025-03-06 14:56:01,733 - scripts.shifts - DEBUG - Scraped shift: {'date': datetime.date(2025, 3, 15), 'start': 0, 'end': 0, 'category': 'holiday', 'hours': 8, 'rate': 12.05, 'type': 'Schedule'} for user 1c064242976c4971a6b8fcdc7515b5ec
2025-03-06 14:56:01,733 - scripts.shifts - DEBUG - ['', 'HOL', '(APPR)', '', '', '', '']
2025-03-06 14:56:01,733 - scripts.shifts - DEBUG - Scraped shift: {'date': datetime.date(2025, 3, 16), 'start': 0, 'end': 0, 'category': 'holiday', 'hours': 8, 'rate': 12.05, 'type': 'Schedule'} for user 1c064242976c4971a6b8fcdc7515b5ec
2025-03-06 14:56:03,699 - scripts.shifts - INFO - Scraped 119 shifts for user 1c064242976c4971a6b8fcdc7515b5ec
2025-03-06 14:56:12,900 - scripts.shifts - DEBUG - Scraped shift: {'date': datetime.date(2024, 7, 8), 'start': 1720425900.0, 'end': 1720446420.0, 'rate': 12.05, 'type': 'Timecard', 'category': 'work'} for user 1c064242976c4971a6b8fcdc7515b5ec
2025-03-06 14:56:12,900 - scripts.shifts - DEBUG - Scraped shift: {'date': datetime.date(2024, 7, 9), 'start': 1720524300.0, 'end': 1720541400.0, 'rate': 12.05, 'type': 'Timecard', 'category': 'work'} for user 1c064242976c4971a6b8fcdc7515b5ec
2025-03-06 14:56:12,900 - scripts.shifts - DEBUG - Scraped shift: {'date': datetime.date(2024, 7, 14), 'start': 1720944120.0, 'end': 1720965480.0, 'rate': 12.05, 'type': 'Timecard', 'category': 'work'} for user 1c064242976c4971a6b8fcdc7515b5ec
2025-03-06 14:56:14,365 - scripts.shifts - DEBUG - Scraped shift: {'date': datetime.date(2024, 7, 15), 'start': 1721058900.0, 'end': 1721082060.0, 'rate': 12.05, 'type': 'Timecard', 'category': 'work'} for user 1c064242976c4971a6b8fcdc7515b5ec
2025-03-06 14:56:14,366 - scripts.shifts - DEBUG - Scraped shift: {'date': datetime.date(2024, 7, 21), 'start': 1721579760.0, 'end': 1721599080.0, 'rate': 12.05, 'type': 'Timecard', 'category': 'work'} for user 1c064242976c4971a6b8fcdc7515b5ec
2025-03-06 14:56:15,323 - scripts.shifts - DEBUG - Scraped shift: {'date': datetime.date(2024, 7, 25), 'start': 1721901540.0, 'end': 1721923740.0, 'rate': 12.05, 'type': 'Timecard', 'category': 'work'} for user 1c064242976c4971a6b8fcdc7515b5ec
2025-03-06 14:56:15,323 - scripts.shifts - DEBUG - Scraped shift: {'date': datetime.date(2024, 7, 27), 'start': 1722091620.0, 'end': 1722110760.0, 'rate': 12.05, 'type': 'Timecard', 'category': 'work'} for user 1c064242976c4971a6b8fcdc7515b5ec
2025-03-06 14:56:16,798 - scripts.shifts - DEBUG - Scraped shift: {'date': datetime.date(2024, 7, 29), 'start': 1722253260.0, 'end': 1722273000.0, 'rate': 12.05, 'type': 'Timecard', 'category': 'work'} for user 1c064242976c4971a6b8fcdc7515b5ec
2025-03-06 14:56:16,799 - scripts.shifts - DEBUG - Scraped shift: {'date': datetime.date(2024, 8, 2), 'start': 1722614400.0, 'end': 1722636120.0, 'rate': 12.05, 'type': 'Timecard', 'category': 'work'} for user 1c064242976c4971a6b8fcdc7515b5ec
2025-03-06 14:56:16,799 - scripts.shifts - DEBUG - Scraped shift: {'date': datetime.date(2024, 8, 4), 'start': 1722783360.0, 'end': 1722806580.0, 'rate': 12.05, 'type': 'Timecard', 'category': 'work'} for user 1c064242976c4971a6b8fcdc7515b5ec
2025-03-06 14:56:18,282 - scripts.shifts - DEBUG - Scraped shift: {'date': datetime.date(2024, 8, 5), 'start': 1722855300.0, 'end': 1722878040.0, 'rate': 12.05, 'type': 'Timecard', 'category': 'work'} for user 1c064242976c4971a6b8fcdc7515b5ec
2025-03-06 14:56:18,283 - scripts.shifts - DEBUG - Scraped shift: {'date': datetime.date(2024, 8, 6), 'start': 1722930900.0, 'end': 1722946200.0, 'rate': 12.05, 'type': 'Timecard', 'category': 'work'} for user 1c064242976c4971a6b8fcdc7515b5ec
2025-03-06 14:56:18,283 - scripts.shifts - DEBUG - Scraped shift: {'date': datetime.date(2024, 8, 10), 'start': 1723272480.0, 'end': 1723295820.0, 'rate': 12.05, 'type': 'Timecard', 'category': 'work'} for user 1c064242976c4971a6b8fcdc7515b5ec
2025-03-06 14:56:18,283 - scripts.shifts - DEBUG - Scraped shift: {'date': datetime.date(2024, 8, 11), 'start': 1723359120.0, 'end': 1723384980.0, 'rate': 12.05, 'type': 'Timecard', 'category': 'work'} for user 1c064242976c4971a6b8fcdc7515b5ec
2025-03-06 14:56:19,762 - scripts.shifts - DEBUG - Scraped shift: {'date': datetime.date(2024, 8, 12), 'start': 1723471140.0, 'end': 1723499580.0, 'rate': 12.05, 'type': 'Timecard', 'category': 'work'} for user 1c064242976c4971a6b8fcdc7515b5ec
2025-03-06 14:56:19,762 - scripts.shifts - DEBUG - Scraped shift: {'date': datetime.date(2024, 8, 15), 'start': 1723712280.0, 'end': 1723741800.0, 'rate': 12.05, 'type': 'Timecard', 'category': 'work'} for user 1c064242976c4971a6b8fcdc7515b5ec
2025-03-06 14:56:20,803 - scripts.shifts - DEBUG - Scraped shift: {'date': datetime.date(2024, 8, 19), 'start': 1724066220.0, 'end': 1724086500.0, 'rate': 12.05, 'type': 'Timecard', 'category': 'work'} for user 1c064242976c4971a6b8fcdc7515b5ec
2025-03-06 14:56:20,803 - scripts.shifts - DEBUG - Scraped shift: {'date': datetime.date(2024, 8, 22), 'start': 1724345760.0, 'end': 1724366280.0, 'rate': 12.05, 'type': 'Timecard', 'category': 'work'} for user 1c064242976c4971a6b8fcdc7515b5ec
2025-03-06 14:56:20,803 - scripts.shifts - DEBUG - Scraped shift: {'date': datetime.date(2024, 8, 24), 'start': 1724514720.0, 'end': 1724536860.0, 'rate': 12.05, 'type': 'Timecard', 'category': 'work'} for user 1c064242976c4971a6b8fcdc7515b5ec
2025-03-06 14:56:21,812 - scripts.shifts - DEBUG - Scraped shift: {'date': datetime.date(2024, 8, 27), 'start': 1724774640.0, 'end': 1724796840.0, 'rate': 12.05, 'type': 'Timecard', 'category': 'work'} for user 1c064242976c4971a6b8fcdc7515b5ec
2025-03-06 14:56:21,812 - scripts.shifts - DEBUG - Scraped shift: {'date': datetime.date(2024, 8, 30), 'start': 1724972400.0, 'end': 1724972400.0, 'rate': 12.05, 'type': 'Timecard', 'category': 'work'} for user 1c064242976c4971a6b8fcdc7515b5ec
2025-03-06 14:56:23,283 - scripts.shifts - DEBUG - Scraped shift: {'date': datetime.date(2024, 9, 5), 'start': 1725548460.0, 'end': 1725576960.0, 'rate': 12.05, 'type': 'Timecard', 'category': 'work'} for user 1c064242976c4971a6b8fcdc7515b5ec
2025-03-06 14:56:23,283 - scripts.shifts - DEBUG - Scraped shift: {'date': datetime.date(2024, 9, 8), 'start': 1725807300.0, 'end': 1725831600.0, 'rate': 12.05, 'type': 'Timecard', 'category': 'work'} for user 1c064242976c4971a6b8fcdc7515b5ec
2025-03-06 14:56:24,747 - scripts.shifts - DEBUG - Scraped shift: {'date': datetime.date(2024, 9, 9), 'start': 1725894420.0, 'end': 1725918840.0, 'rate': 12.05, 'type': 'Timecard', 'category': 'work'} for user 1c064242976c4971a6b8fcdc7515b5ec
2025-03-06 14:56:24,749 - scripts.shifts - DEBUG - Scraped shift: {'date': datetime.date(2024, 9, 13), 'start': 1726246860.0, 'end': 1726250580.0, 'rate': 12.05, 'type': 'Timecard', 'category': 'work'} for user 1c064242976c4971a6b8fcdc7515b5ec
2025-03-06 14:56:25,725 - scripts.shifts - DEBUG - Scraped shift: {'date': datetime.date(2024, 9, 17), 'start': 1726591920.0, 'end': 1726608960.0, 'rate': 12.05, 'type': 'Timecard', 'category': 'work'} for user 1c064242976c4971a6b8fcdc7515b5ec
2025-03-06 14:56:25,725 - scripts.shifts - DEBUG - Scraped shift: {'date': datetime.date(2024, 9, 20), 'start': 1726850940.0, 'end': 1726868160.0, 'rate': 12.05, 'type': 'Timecard', 'category': 'work'} for user 1c064242976c4971a6b8fcdc7515b5ec
2025-03-06 14:56:25,725 - scripts.shifts - DEBUG - Scraped shift: {'date': datetime.date(2024, 9, 22), 'start': 1727023500.0, 'end': 1727041380.0, 'rate': 12.05, 'type': 'Timecard', 'category': 'work'} for user 1c064242976c4971a6b8fcdc7515b5ec
2025-03-06 14:56:26,698 - scripts.shifts - DEBUG - Scraped shift: {'date': datetime.date(2024, 9, 24), 'start': 1727193600.0, 'end': 1727213400.0, 'rate': 12.05, 'type': 'Timecard', 'category': 'work'} for user 1c064242976c4971a6b8fcdc7515b5ec
2025-03-06 14:56:26,698 - scripts.shifts - DEBUG - Scraped shift: {'date': datetime.date(2024, 9, 28), 'start': 1727531520.0, 'end': 1727553780.0, 'rate': 12.05, 'type': 'Timecard', 'category': 'work'} for user 1c064242976c4971a6b8fcdc7515b5ec
2025-03-06 14:56:27,661 - scripts.shifts - DEBUG - Scraped shift: {'date': datetime.date(2024, 9, 30), 'start': 1727712180.0, 'end': 1727732100.0, 'rate': 12.05, 'type': 'Timecard', 'category': 'work'} for user 1c064242976c4971a6b8fcdc7515b5ec
2025-03-06 14:56:27,661 - scripts.shifts - DEBUG - Scraped shift: {'date': datetime.date(2024, 10, 5), 'start': 1728117000.0, 'end': 1728121500.0, 'rate': 12.05, 'type': 'Timecard', 'category': 'work'} for user 1c064242976c4971a6b8fcdc7515b5ec
2025-03-06 14:56:27,661 - scripts.shifts - DEBUG - Scraped shift: {'date': datetime.date(2024, 10, 6), 'start': 1728232020.0, 'end': 1728250560.0, 'rate': 12.05, 'type': 'Timecard', 'category': 'work'} for user 1c064242976c4971a6b8fcdc7515b5ec
2025-03-06 14:56:28,608 - scripts.shifts - DEBUG - Scraped shift: {'date': datetime.date(2024, 10, 9), 'start': 1728489960.0, 'end': 1728509880.0, 'rate': 12.05, 'type': 'Timecard', 'category': 'work'} for user 1c064242976c4971a6b8fcdc7515b5ec
2025-03-06 14:56:28,609 - scripts.shifts - DEBUG - Scraped shift: {'date': datetime.date(2024, 10, 13), 'start': 1728840060.0, 'end': 1728854880.0, 'rate': 12.05, 'type': 'Timecard', 'category': 'work'} for user 1c064242976c4971a6b8fcdc7515b5ec
2025-03-06 14:56:29,557 - scripts.shifts - DEBUG - Scraped shift: {'date': datetime.date(2024, 10, 15), 'start': 1729010460.0, 'end': 1729029780.0, 'rate': 12.05, 'type': 'Timecard', 'category': 'work'} for user 1c064242976c4971a6b8fcdc7515b5ec
2025-03-06 14:56:29,558 - scripts.shifts - DEBUG - Scraped shift: {'date': datetime.date(2024, 10, 20), 'start': 1729439220.0, 'end': 1729460400.0, 'rate': 12.05, 'type': 'Timecard', 'category': 'work'} for user 1c064242976c4971a6b8fcdc7515b5ec
2025-03-06 14:56:30,584 - scripts.shifts - DEBUG - Scraped shift: {'date': datetime.date(2024, 10, 21), 'start': 1729526760.0, 'end': 1729546860.0, 'rate': 12.05, 'type': 'Timecard', 'category': 'work'} for user 1c064242976c4971a6b8fcdc7515b5ec
2025-03-06 14:56:30,584 - scripts.shifts - DEBUG - Scraped shift: {'date': datetime.date(2024, 10, 23), 'start': 1729703160.0, 'end': 1729721220.0, 'rate': 12.05, 'type': 'Timecard', 'category': 'work'} for user 1c064242976c4971a6b8fcdc7515b5ec
2025-03-06 14:56:30,584 - scripts.shifts - DEBUG - Scraped shift: {'date': datetime.date(2024, 10, 25), 'start': 1729871820.0, 'end': 1729893900.0, 'rate': 12.05, 'type': 'Timecard', 'category': 'work'} for user 1c064242976c4971a6b8fcdc7515b5ec
2025-03-06 14:56:30,584 - scripts.shifts - DEBUG - Scraped shift: {'date': datetime.date(2024, 10, 27), 'start': 1730047980.0, 'end': 1730068440.0, 'rate': 12.05, 'type': 'Timecard', 'category': 'work'} for user 1c064242976c4971a6b8fcdc7515b5ec
2025-03-06 14:56:32,061 - scripts.shifts - DEBUG - Scraped shift: {'date': datetime.date(2024, 10, 30), 'start': 1730311500.0, 'end': 1730329500.0, 'rate': 12.05, 'type': 'Timecard', 'category': 'work'} for user 1c064242976c4971a6b8fcdc7515b5ec
2025-03-06 14:56:32,062 - scripts.shifts - DEBUG - Scraped shift: {'date': datetime.date(2024, 11, 1), 'start': 1730462340.0, 'end': 1730485740.0, 'rate': 12.05, 'type': 'Timecard', 'category': 'work'} for user 1c064242976c4971a6b8fcdc7515b5ec
2025-03-06 14:56:32,062 - scripts.shifts - DEBUG - Scraped shift: {'date': datetime.date(2024, 11, 2), 'start': 1730552400.0, 'end': 1730581500.0, 'rate': 12.05, 'type': 'Timecard', 'category': 'work'} for user 1c064242976c4971a6b8fcdc7515b5ec
2025-03-06 14:56:32,062 - scripts.shifts - DEBUG - ['', 'HOL', '(APPR)', '', '', '', '']
2025-03-06 14:56:32,062 - scripts.shifts - DEBUG - Scraped shift: {'date': datetime.date(2024, 11, 3), 'start': 0, 'end': 0, 'category': 'holiday', 'hours': 8, 'rate': 12.05, 'type': 'Timecard'} for user 1c064242976c4971a6b8fcdc7515b5ec
2025-03-06 14:56:33,530 - scripts.shifts - DEBUG - ['', 'HOL', '(APPR)', '', '', '', '']
2025-03-06 14:56:33,530 - scripts.shifts - DEBUG - Scraped shift: {'date': datetime.date(2024, 11, 4), 'start': 0, 'end': 0, 'category': 'holiday', 'hours': 8, 'rate': 12.05, 'type': 'Timecard'} for user 1c064242976c4971a6b8fcdc7515b5ec
2025-03-06 14:56:33,531 - scripts.shifts - DEBUG - Scraped shift: {'date': datetime.date(2024, 11, 5), 'start': 1730796660.0, 'end': 1730818740.0, 'rate': 12.05, 'type': 'Timecard', 'category': 'work'} for user 1c064242976c4971a6b8fcdc7515b5ec
2025-03-06 14:56:33,531 - scripts.shifts - DEBUG - Scraped shift: {'date': datetime.date(2024, 11, 6), 'start': 1730912100.0, 'end': 1730936460.0, 'rate': 12.05, 'type': 'Timecard', 'category': 'work'} for user 1c064242976c4971a6b8fcdc7515b5ec
2025-03-06 14:56:33,531 - scripts.shifts - DEBUG - Scraped shift: {'date': datetime.date(2024, 11, 7), 'start': 1730997180.0, 'end': 1731027480.0, 'rate': 12.05, 'type': 'Timecard', 'category': 'work'} for user 1c064242976c4971a6b8fcdc7515b5ec
2025-03-06 14:56:33,531 - scripts.shifts - DEBUG - Scraped shift: {'date': datetime.date(2024, 11, 8), 'start': 1731085080.0, 'end': 1731109140.0, 'rate': 12.05, 'type': 'Timecard', 'category': 'work'} for user 1c064242976c4971a6b8fcdc7515b5ec
2025-03-06 14:56:33,531 - scripts.shifts - DEBUG - Scraped shift: {'date': datetime.date(2024, 11, 9), 'start': 1731174840.0, 'end': 1731193380.0, 'rate': 12.05, 'type': 'Timecard', 'category': 'work'} for user 1c064242976c4971a6b8fcdc7515b5ec
2025-03-06 14:56:33,531 - scripts.shifts - DEBUG - Scraped shift: {'date': datetime.date(2024, 11, 10), 'start': 1731252120.0, 'end': 1731278580.0, 'rate': 12.05, 'type': 'Timecard', 'category': 'work'} for user 1c064242976c4971a6b8fcdc7515b5ec
2025-03-06 14:56:34,508 - scripts.shifts - DEBUG - Scraped shift: {'date': datetime.date(2024, 11, 11), 'start': 1731347280.0, 'end': 1731369540.0, 'rate': 12.05, 'type': 'Timecard', 'category': 'work'} for user 1c064242976c4971a6b8fcdc7515b5ec
2025-03-06 14:56:34,508 - scripts.shifts - DEBUG - Scraped shift: {'date': datetime.date(2024, 11, 12), 'start': 1731431580.0, 'end': 1731452100.0, 'rate': 12.05, 'type': 'Timecard', 'category': 'work'} for user 1c064242976c4971a6b8fcdc7515b5ec
2025-03-06 14:56:34,508 - scripts.shifts - DEBUG - Scraped shift: {'date': datetime.date(2024, 11, 13), 'start': 1731517980.0, 'end': 1731539400.0, 'rate': 12.05, 'type': 'Timecard', 'category': 'work'} for user 1c064242976c4971a6b8fcdc7515b5ec
2025-03-06 14:56:34,508 - scripts.shifts - DEBUG - Scraped shift: {'date': datetime.date(2024, 11, 17), 'start': 1731859080.0, 'end': 1731882180.0, 'rate': 12.05, 'type': 'Timecard', 'category': 'work'} for user 1c064242976c4971a6b8fcdc7515b5ec
2025-03-06 14:56:35,479 - scripts.shifts - DEBUG - Scraped shift: {'date': datetime.date(2024, 11, 18), 'start': 1731952920.0, 'end': 1731974280.0, 'rate': 12.05, 'type': 'Timecard', 'category': 'work'} for user 1c064242976c4971a6b8fcdc7515b5ec
2025-03-06 14:56:35,479 - scripts.shifts - DEBUG - Scraped shift: {'date': datetime.date(2024, 11, 24), 'start': 1732464180.0, 'end': 1732488420.0, 'rate': 12.05, 'type': 'Timecard', 'category': 'work'} for user 1c064242976c4971a6b8fcdc7515b5ec
2025-03-06 14:56:37,000 - scripts.shifts - DEBUG - Scraped shift: {'date': datetime.date(2024, 11, 26), 'start': 1732640880.0, 'end': 1732662120.0, 'rate': 12.05, 'type': 'Timecard', 'category': 'work'} for user 1c064242976c4971a6b8fcdc7515b5ec
2025-03-06 14:56:37,000 - scripts.shifts - DEBUG - Scraped shift: {'date': datetime.date(2024, 11, 29), 'start': 1732863900.0, 'end': 1732893000.0, 'rate': 12.05, 'type': 'Timecard', 'category': 'work'} for user 1c064242976c4971a6b8fcdc7515b5ec
2025-03-06 14:56:37,000 - scripts.shifts - DEBUG - Scraped shift: {'date': datetime.date(2024, 11, 30), 'start': 1732982580.0, 'end': 1733006880.0, 'rate': 12.05, 'type': 'Timecard', 'category': 'work'} for user 1c064242976c4971a6b8fcdc7515b5ec
2025-03-06 14:56:37,976 - scripts.shifts - DEBUG - Scraped shift: {'date': datetime.date(2024, 12, 2), 'start': 1733158560.0, 'end': 1733187900.0, 'rate': 12.05, 'type': 'Timecard', 'category': 'work'} for user 1c064242976c4971a6b8fcdc7515b5ec
2025-03-06 14:56:37,977 - scripts.shifts - DEBUG - Scraped shift: {'date': datetime.date(2024, 12, 4), 'start': 1733331540.0, 'end': 1733355300.0, 'rate': 12.05, 'type': 'Timecard', 'category': 'work'} for user 1c064242976c4971a6b8fcdc7515b5ec
2025-03-06 14:56:37,977 - scripts.shifts - DEBUG - Scraped shift: {'date': datetime.date(2024, 12, 6), 'start': 1733489340.0, 'end': 1733515200.0, 'rate': 12.05, 'type': 'Timecard', 'category': 'work'} for user 1c064242976c4971a6b8fcdc7515b5ec
2025-03-06 14:56:39,437 - scripts.shifts - DEBUG - Scraped shift: {'date': datetime.date(2024, 12, 10), 'start': 1733846040.0, 'end': 1733871660.0, 'rate': 12.05, 'type': 'Timecard', 'category': 'work'} for user 1c064242976c4971a6b8fcdc7515b5ec
2025-03-06 14:56:39,438 - scripts.shifts - DEBUG - Scraped shift: {'date': datetime.date(2024, 12, 13), 'start': 1734074160.0, 'end': 1734105600.0, 'rate': 12.05, 'type': 'Timecard', 'category': 'work'} for user 1c064242976c4971a6b8fcdc7515b5ec
2025-03-06 14:56:40,421 - scripts.shifts - DEBUG - Scraped shift: {'date': datetime.date(2024, 12, 17), 'start': 1734455220.0, 'end': 1734474600.0, 'rate': 12.05, 'type': 'Timecard', 'category': 'work'} for user 1c064242976c4971a6b8fcdc7515b5ec
2025-03-06 14:56:40,421 - scripts.shifts - DEBUG - Scraped shift: {'date': datetime.date(2024, 12, 18), 'start': 1734541020.0, 'end': 1734564240.0, 'rate': 12.05, 'type': 'Timecard', 'category': 'work'} for user 1c064242976c4971a6b8fcdc7515b5ec
2025-03-06 14:56:40,421 - scripts.shifts - DEBUG - Scraped shift: {'date': datetime.date(2024, 12, 20), 'start': 1734692340.0, 'end': 1734724860.0, 'rate': 12.05, 'type': 'Timecard', 'category': 'work'} for user 1c064242976c4971a6b8fcdc7515b5ec
2025-03-06 14:56:40,421 - scripts.shifts - DEBUG - Scraped shift: {'date': datetime.date(2024, 12, 21), 'start': 1734764160.0, 'end': 1734797580.0, 'rate': 12.05, 'type': 'Timecard', 'category': 'work'} for user 1c064242976c4971a6b8fcdc7515b5ec
2025-03-06 14:56:40,421 - scripts.shifts - DEBUG - Scraped shift: {'date': datetime.date(2024, 12, 22), 'start': 1734881460.0, 'end': 1734906540.0, 'rate': 12.05, 'type': 'Timecard', 'category': 'work'} for user 1c064242976c4971a6b8fcdc7515b5ec
2025-03-06 14:56:41,430 - scripts.shifts - DEBUG - Scraped shift: {'date': datetime.date(2024, 12, 23), 'start': 1734968880.0, 'end': 1734999240.0, 'rate': 12.05, 'type': 'Timecard', 'category': 'work'} for user 1c064242976c4971a6b8fcdc7515b5ec
2025-03-06 14:56:41,431 - scripts.shifts - DEBUG - Scraped shift: {'date': datetime.date(2024, 12, 26), 'start': 1735214880.0, 'end': 1735239600.0, 'rate': 12.05, 'type': 'Timecard', 'category': 'work'} for user 1c064242976c4971a6b8fcdc7515b5ec
2025-03-06 14:56:41,431 - scripts.shifts - DEBUG - Scraped shift: {'date': datetime.date(2024, 12, 27), 'start': 1735315200.0, 'end': 1735338360.0, 'rate': 12.05, 'type': 'Timecard', 'category': 'work'} for user 1c064242976c4971a6b8fcdc7515b5ec
2025-03-06 14:56:41,431 - scripts.shifts - DEBUG - Scraped shift: {'date': datetime.date(2024, 12, 28), 'start': 1735344000.0, 'end': 1735344000.0, 'rate': 12.05, 'type': 'Timecard', 'category': 'work'} for user 1c064242976c4971a6b8fcdc7515b5ec
2025-03-06 14:56:41,431 - scripts.shifts - DEBUG - Scraped shift: {'date': datetime.date(2024, 12, 29), 'start': 1735491540.0, 'end': 1735513320.0, 'rate': 12.05, 'type': 'Timecard', 'category': 'work'} for user 1c064242976c4971a6b8fcdc7515b5ec
2025-03-06 14:56:42,392 - scripts.shifts - DEBUG - Scraped shift: {'date': datetime.date(2024, 12, 30), 'start': 1735559760.0, 'end': 1735592100.0, 'rate': 12.05, 'type': 'Timecard', 'category': 'work'} for user 1c064242976c4971a6b8fcdc7515b5ec
2025-03-06 14:56:42,393 - scripts.shifts - DEBUG - Scraped shift: {'date': datetime.date(2024, 12, 31), 'start': 1735661160.0, 'end': 1735678380.0, 'rate': 12.05, 'type': 'Timecard', 'category': 'work'} for user 1c064242976c4971a6b8fcdc7515b5ec
2025-03-06 14:56:42,393 - scripts.shifts - DEBUG - Scraped shift: {'date': datetime.date(2025, 1, 1), 'start': 1735747260.0, 'end': 1735770120.0, 'rate': 12.05, 'type': 'Timecard', 'category': 'work'} for user 1c064242976c4971a6b8fcdc7515b5ec
2025-03-06 14:56:42,393 - scripts.shifts - DEBUG - Scraped shift: {'date': datetime.date(2025, 1, 3), 'start': 1735887600.0, 'end': 1735919160.0, 'rate': 12.05, 'type': 'Timecard', 'category': 'work'} for user 1c064242976c4971a6b8fcdc7515b5ec
2025-03-06 14:56:42,393 - scripts.shifts - DEBUG - Scraped shift: {'date': datetime.date(2025, 1, 4), 'start': 1735974720.0, 'end': 1735993200.0, 'rate': 12.05, 'type': 'Timecard', 'category': 'work'} for user 1c064242976c4971a6b8fcdc7515b5ec
2025-03-06 14:56:43,342 - scripts.shifts - DEBUG - ['', 'HOL', '(APPR)', '', '', '', '']
2025-03-06 14:56:43,342 - scripts.shifts - DEBUG - Scraped shift: {'date': datetime.date(2025, 1, 6), 'start': 0, 'end': 0, 'category': 'holiday', 'hours': 8, 'rate': 12.05, 'type': 'Timecard'} for user 1c064242976c4971a6b8fcdc7515b5ec
2025-03-06 14:56:43,343 - scripts.shifts - DEBUG - Scraped shift: {'date': datetime.date(2025, 1, 10), 'start': 1736496000.0, 'end': 1736518560.0, 'rate': 12.05, 'type': 'Timecard', 'category': 'work'} for user 1c064242976c4971a6b8fcdc7515b5ec
2025-03-06 14:56:43,343 - scripts.shifts - DEBUG - Scraped shift: {'date': datetime.date(2025, 1, 12), 'start': 1736705040.0, 'end': 1736721720.0, 'rate': 12.05, 'type': 'Timecard', 'category': 'work'} for user 1c064242976c4971a6b8fcdc7515b5ec
2025-03-06 14:56:44,821 - scripts.shifts - DEBUG - ['', 'HOL', '(APPR)', '', '', '', '']
2025-03-06 14:56:44,821 - scripts.shifts - DEBUG - Scraped shift: {'date': datetime.date(2025, 1, 13), 'start': 0, 'end': 0, 'category': 'holiday', 'hours': 8, 'rate': 12.05, 'type': 'Timecard'} for user 1c064242976c4971a6b8fcdc7515b5ec
2025-03-06 14:56:44,821 - scripts.shifts - DEBUG - ['', 'HOL', '(APPR)', '', '', '', '']
2025-03-06 14:56:44,821 - scripts.shifts - DEBUG - Scraped shift: {'date': datetime.date(2025, 1, 14), 'start': 0, 'end': 0, 'category': 'holiday', 'hours': 8, 'rate': 12.05, 'type': 'Timecard'} for user 1c064242976c4971a6b8fcdc7515b5ec
2025-03-06 14:56:44,821 - scripts.shifts - DEBUG - Scraped shift: {'date': datetime.date(2025, 1, 15), 'start': 1736929800.0, 'end': 1736946000.0, 'rate': 12.05, 'type': 'Timecard', 'category': 'work'} for user 1c064242976c4971a6b8fcdc7515b5ec
2025-03-06 14:56:44,822 - scripts.shifts - DEBUG - Scraped shift: {'date': datetime.date(2025, 1, 18), 'start': 1737221520.0, 'end': 1737240900.0, 'rate': 12.05, 'type': 'Timecard', 'category': 'work'} for user 1c064242976c4971a6b8fcdc7515b5ec
2025-03-06 14:56:45,846 - scripts.shifts - DEBUG - ['', 'HOL', '(APPR)', '', '', '', '']
2025-03-06 14:56:45,846 - scripts.shifts - DEBUG - Scraped shift: {'date': datetime.date(2025, 1, 20), 'start': 0, 'end': 0, 'category': 'holiday', 'hours': 8, 'rate': 12.05, 'type': 'Timecard'} for user 1c064242976c4971a6b8fcdc7515b5ec
2025-03-06 14:56:45,846 - scripts.shifts - DEBUG - ['', 'HOL', '(APPR)', '', '', '', '']
2025-03-06 14:56:45,846 - scripts.shifts - DEBUG - Scraped shift: {'date': datetime.date(2025, 1, 21), 'start': 0, 'end': 0, 'category': 'holiday', 'hours': 8, 'rate': 12.05, 'type': 'Timecard'} for user 1c064242976c4971a6b8fcdc7515b5ec
2025-03-06 14:56:45,846 - scripts.shifts - DEBUG - Scraped shift: {'date': datetime.date(2025, 1, 23), 'start': 1737654840.0, 'end': 1737677640.0, 'rate': 12.05, 'type': 'Timecard', 'category': 'work'} for user 1c064242976c4971a6b8fcdc7515b5ec
2025-03-06 14:56:45,846 - scripts.shifts - DEBUG - Scraped shift: {'date': datetime.date(2025, 1, 25), 'start': 1737820680.0, 'end': 1737844500.0, 'rate': 12.05, 'type': 'Timecard', 'category': 'work'} for user 1c064242976c4971a6b8fcdc7515b5ec
2025-03-06 14:56:45,846 - scripts.shifts - DEBUG - Scraped shift: {'date': datetime.date(2025, 1, 26), 'start': 1737910140.0, 'end': 1737929880.0, 'rate': 12.05, 'type': 'Timecard', 'category': 'work'} for user 1c064242976c4971a6b8fcdc7515b5ec
2025-03-06 14:56:47,802 - scripts.shifts - DEBUG - Scraped shift: {'date': datetime.date(2025, 2, 5), 'start': 1738775160.0, 'end': 1738775580.0, 'rate': 12.05, 'type': 'Timecard', 'category': 'work'} for user 1c064242976c4971a6b8fcdc7515b5ec
2025-03-06 14:56:47,802 - scripts.shifts - DEBUG - Scraped shift: {'date': datetime.date(2025, 2, 6), 'start': 1738867020.0, 'end': 1738887000.0, 'rate': 12.05, 'type': 'Timecard', 'category': 'work'} for user 1c064242976c4971a6b8fcdc7515b5ec
2025-03-06 14:56:47,803 - scripts.shifts - DEBUG - Scraped shift: {'date': datetime.date(2025, 2, 8), 'start': 1739001540.0, 'end': 1739033460.0, 'rate': 12.05, 'type': 'Timecard', 'category': 'work'} for user 1c064242976c4971a6b8fcdc7515b5ec
2025-03-06 14:56:47,803 - scripts.shifts - DEBUG - Scraped shift: {'date': datetime.date(2025, 2, 9), 'start': 1739087460.0, 'end': 1739118420.0, 'rate': 12.05, 'type': 'Timecard', 'category': 'work'} for user 1c064242976c4971a6b8fcdc7515b5ec
2025-03-06 14:56:48,755 - scripts.shifts - DEBUG - Scraped shift: {'date': datetime.date(2025, 2, 12), 'start': 1739375820.0, 'end': 1739404440.0, 'rate': 12.05, 'type': 'Timecard', 'category': 'work'} for user 1c064242976c4971a6b8fcdc7515b5ec
2025-03-06 14:56:48,755 - scripts.shifts - DEBUG - Scraped shift: {'date': datetime.date(2025, 2, 13), 'start': 1739462520.0, 'end': 1739496180.0, 'rate': 12.05, 'type': 'Timecard', 'category': 'work'} for user 1c064242976c4971a6b8fcdc7515b5ec
2025-03-06 14:56:48,755 - scripts.shifts - DEBUG - Scraped shift: {'date': datetime.date(2025, 2, 15), 'start': 1739616840.0, 'end': 1739649480.0, 'rate': 12.05, 'type': 'Timecard', 'category': 'work'} for user 1c064242976c4971a6b8fcdc7515b5ec
2025-03-06 14:56:48,755 - scripts.shifts - DEBUG - Scraped shift: {'date': datetime.date(2025, 2, 16), 'start': 1739707380.0, 'end': 1739736480.0, 'rate': 12.05, 'type': 'Timecard', 'category': 'work'} for user 1c064242976c4971a6b8fcdc7515b5ec
2025-03-06 14:56:49,778 - scripts.shifts - DEBUG - Scraped shift: {'date': datetime.date(2025, 2, 19), 'start': 1739979960.0, 'end': 1740005100.0, 'rate': 12.05, 'type': 'Timecard', 'category': 'work'} for user 1c064242976c4971a6b8fcdc7515b5ec
2025-03-06 14:56:49,779 - scripts.shifts - DEBUG - Scraped shift: {'date': datetime.date(2025, 2, 20), 'start': 1740066540.0, 'end': 1740095460.0, 'rate': 12.05, 'type': 'Timecard', 'category': 'work'} for user 1c064242976c4971a6b8fcdc7515b5ec
2025-03-06 14:56:50,737 - scripts.shifts - DEBUG - Scraped shift: {'date': datetime.date(2025, 2, 26), 'start': 1740584940.0, 'end': 1740615540.0, 'rate': 12.05, 'type': 'Timecard', 'category': 'work'} for user 1c064242976c4971a6b8fcdc7515b5ec
2025-03-06 14:56:50,737 - scripts.shifts - DEBUG - Scraped shift: {'date': datetime.date(2025, 2, 27), 'start': 1740670980.0, 'end': 1740701580.0, 'rate': 12.05, 'type': 'Timecard', 'category': 'work'} for user 1c064242976c4971a6b8fcdc7515b5ec
2025-03-06 14:56:50,737 - scripts.shifts - DEBUG - Scraped shift: {'date': datetime.date(2025, 2, 28), 'start': 1740760980.0, 'end': 1740780360.0, 'rate': 12.05, 'type': 'Timecard', 'category': 'work'} for user 1c064242976c4971a6b8fcdc7515b5ec
2025-03-06 14:56:50,738 - scripts.shifts - DEBUG - Scraped shift: {'date': datetime.date(2025, 3, 1), 'start': 1740829320.0, 'end': 1740865860.0, 'rate': 12.05, 'type': 'Timecard', 'category': 'work'} for user 1c064242976c4971a6b8fcdc7515b5ec
2025-03-06 14:56:50,738 - scripts.shifts - DEBUG - Scraped shift: {'date': datetime.date(2025, 3, 2), 'start': 1740915720.0, 'end': 1740944640.0, 'rate': 12.05, 'type': 'Timecard', 'category': 'work'} for user 1c064242976c4971a6b8fcdc7515b5ec
2025-03-06 14:56:51,700 - scripts.shifts - DEBUG - Scraped shift: {'date': datetime.date(2025, 3, 4), 'start': 1741072380.0, 'end': 1741104180.0, 'rate': 12.05, 'type': 'Timecard', 'category': 'work'} for user 1c064242976c4971a6b8fcdc7515b5ec
2025-03-06 14:56:51,700 - scripts.shifts - DEBUG - Scraped shift: {'date': datetime.date(2025, 3, 5), 'start': 1741190760.0, 'end': 1741216020.0, 'rate': 12.05, 'type': 'Timecard', 'category': 'work'} for user 1c064242976c4971a6b8fcdc7515b5ec
2025-03-06 14:56:54,718 - scripts.shifts - INFO - Scraped 110 shifts for user 1c064242976c4971a6b8fcdc7515b5ec
2025-03-06 14:56:56,736 - scripts.scraper - DEBUG - Connection closed to database dbfinance
2025-03-06 14:56:57,046 - __main__ - DEBUG - Browser closed for user 1c064242976c4971a6b8fcdc7515b5ec
2025-03-06 14:56:57,046 - __main__ - INFO - Finished scraping all for user 1c064242976c4971a6b8fcdc7515b5ec
